at java.base/java.lang.ClassLoader.loadClass(ClassLoader.java:525)
	at java.base/java.lang.ClassLoader.defineClass2(Native Method)
	at java.base/java.lang.ClassLoader.defineClass(ClassLoader.java:1108)
	at java.base/java.security.SecureClassLoader.defineClass(SecureClassLoader.java:182)
	at java.base/jdk.internal.loader.BuiltinClassLoader.defineClass(BuiltinClassLoader.java:821)
	at java.base/jdk.internal.loader.BuiltinClassLoader.findClassInModuleOrNull(BuiltinClassLoader.java:741)
	at java.base/jdk.internal.loader.BuiltinClassLoader.loadClassOrNull(BuiltinClassLoader.java:665)
	at java.base/jdk.internal.loader.BuiltinClassLoader.loadClass(BuiltinClassLoader.java:639)
	at java.base/java.lang.ClassLoader.loadClass(ClassLoader.java:525)
	at java.base/java.lang.Class.forName0(Native Method)
	at java.base/java.lang.Class.forName(Class.java:467)
	at jdk.charsets/sun.nio.cs.ext.AbstractCharsetProvider.lookup(AbstractCharsetProvider.java:147)
	at jdk.charsets/sun.nio.cs.ext.AbstractCharsetProvider$1.next(AbstractCharsetProvider.java:189)
	at jdk.charsets/sun.nio.cs.ext.AbstractCharsetProvider$1.next(AbstractCharsetProvider.java:179)
	at java.base/java.nio.charset.Charset.put(Charset.java:536)
	at java.base/java.nio.charset.Charset$3.run(Charset.java:579)
	at java.base/java.nio.charset.Charset$3.run(Charset.java:571)
	at java.base/java.security.AccessController.doPrivileged(AccessController.java:318)
	at java.base/java.nio.charset.Charset.availableCharsets(Charset.java:570)
	at org.springframework.http.converter.StringHttpMessageConverter.<init>(StringHttpMessageConverter.java:67)
	at org.springframework.http.converter.StringHttpMessageConverter.<init>(StringHttpMessageConverter.java:57)
	at org.springframework.web.servlet.mvc.method.annotation.RequestMappingHandlerAdapter.<init>(RequestMappingHandlerAdapter.java:180)
	at org.springframework.web.servlet.config.annotation.WebMvcConfigurationSupport.requestMappingHandlerAdapter(WebMvcConfigurationSupport.java:482)
	at org.springframework.test.web.servlet.setup.StandaloneMockMvcBuilder.registerMvcSingletons(StandaloneMockMvcBuilder.java:292)
	at org.springframework.test.web.servlet.setup.StandaloneMockMvcBuilder.initWebAppContext(StandaloneMockMvcBuilder.java:279)
	at org.springframework.test.web.servlet.setup.DefaultMockMvcBuilder.build(DefaultMockMvcBuilder.java:200)
	at com.visualpathit.account.controllerTest.UserControllerTest.setup(UserControllerTest.java:40)
	at java.base/jdk.internal.reflect.NativeMethodAccessorImpl.invoke0(Native Method)
	at java.base/jdk.internal.reflect.NativeMethodAccessorImpl.invoke(NativeMethodAccessorImpl.java:77)
	at java.base/jdk.internal.reflect.DelegatingMethodAccessorImpl.invoke(DelegatingMethodAccessorImpl.java:43)
	at java.base/java.lang.reflect.Method.invoke(Method.java:569)
	at org.junit.runners.model.FrameworkMethod$1.runReflectiveCall(FrameworkMethod.java:45)
	at org.junit.internal.runners.model.ReflectiveCallable.run(ReflectiveCallable.java:15)
	at org.junit.runners.model.FrameworkMethod.invokeExplosively(FrameworkMethod.java:42)
	at org.junit.internal.runners.statements.RunBefores.evaluate(RunBefores.java:27)
	at org.junit.runners.ParentRunner.runLeaf(ParentRunner.java:263)
	at org.junit.runners.BlockJUnit4ClassRunner.runChild(BlockJUnit4ClassRunner.java:68)
	at org.junit.runners.BlockJUnit4ClassRunner.runChild(BlockJUnit4ClassRunner.java:47)
	at org.junit.runners.ParentRunner$3.run(ParentRunner.java:231)
	at org.junit.runners.ParentRunner$1.schedule(ParentRunner.java:60)
	at org.junit.runners.ParentRunner.runChildren(ParentRunner.java:229)
	at org.junit.runners.ParentRunner.access$000(ParentRunner.java:50)
	at org.junit.runners.ParentRunner$2.evaluate(ParentRunner.java:222)
	at org.junit.runners.ParentRunner.run(ParentRunner.java:300)
	at org.apache.maven.surefire.junit4.JUnit4Provider.execute(JUnit4Provider.java:316)
	at org.apache.maven.surefire.junit4.JUnit4Provider.executeWithRerun(JUnit4Provider.java:240)
	at org.apache.maven.surefire.junit4.JUnit4Provider.executeTestSet(JUnit4Provider.java:214)
	at org.apache.maven.surefire.junit4.JUnit4Provider.invoke(JUnit4Provider.java:155)
	at org.apache.maven.surefire.booter.ForkedBooter.runSuitesInProcess(ForkedBooter.java:385)
	at org.apache.maven.surefire.booter.ForkedBooter.execute(ForkedBooter.java:162)
	at org.apache.maven.surefire.booter.ForkedBooter.run(ForkedBooter.java:507)
	at org.apache.maven.surefire.booter.ForkedBooter.main(ForkedBooter.java:495)
Caused by: java.io.IOException: Error while instrumenting sun/nio/cs/ext/SJIS_0213$Encoder.
	at org.jacoco.agent.rt.internal_035b120.core.instr.Instrumenter.instrumentError(Instrumenter.java:158)
	at org.jacoco.agent.rt.internal_035b120.core.instr.Instrumenter.instrument(Instrumenter.java:108)
	at org.jacoco.agent.rt.internal_035b120.CoverageTransformer.transform(CoverageTransformer.java:91)
	... 62 more
Caused by: java.lang.IllegalArgumentException: Unsupported class file major version 61
	at org.jacoco.agent.rt.internal_035b120.asm.ClassReader.<init>(ClassReader.java:195)
	at org.jacoco.agent.rt.internal_035b120.asm.ClassReader.<init>(ClassReader.java:176)
	at org.jacoco.agent.rt.internal_035b120.asm.ClassReader.<init>(ClassReader.java:162)
	at org.jacoco.agent.rt.internal_035b120.core.internal.instr.InstrSupport.classReaderFor(InstrSupport.java:279)
	at org.jacoco.agent.rt.internal_035b120.core.instr.Instrumenter.instrument(Instrumenter.java:74)
	at org.jacoco.agent.rt.internal_035b120.core.instr.Instrumenter.instrument(Instrumenter.java:106)
	... 63 more
java.lang.instrument.IllegalClassFormatException: Error while instrumenting sun/nio/cs/ext/MS950_HKSCS.
	at org.jacoco.agent.rt.internal_035b120.CoverageTransformer.transform(CoverageTransformer.java:93)
	at java.instrument/java.lang.instrument.ClassFileTransformer.transform(ClassFileTransformer.java:244)
	at java.instrument/sun.instrument.TransformerManager.transform(TransformerManager.java:188)
	at java.instrument/sun.instrument.InstrumentationImpl.transform(InstrumentationImpl.java:541)
	at java.base/java.lang.ClassLoader.defineClass2(Native Method)
	at java.base/java.lang.ClassLoader.defineClass(ClassLoader.java:1108)
	at java.base/java.security.SecureClassLoader.defineClass(SecureClassLoader.java:182)
	at java.base/jdk.internal.loader.BuiltinClassLoader.defineClass(BuiltinClassLoader.java:821)
	at java.base/jdk.internal.loader.BuiltinClassLoader.findClassInModuleOrNull(BuiltinClassLoader.java:741)
	at java.base/jdk.internal.loader.BuiltinClassLoader.loadClassOrNull(BuiltinClassLoader.java:665)
	at java.base/jdk.internal.loader.BuiltinClassLoader.loadClass(BuiltinClassLoader.java:639)
	at java.base/java.lang.ClassLoader.loadClass(ClassLoader.java:525)
	at java.base/java.lang.Class.forName0(Native Method)
	at java.base/java.lang.Class.forName(Class.java:467)
	at jdk.charsets/sun.nio.cs.ext.AbstractCharsetProvider.lookup(AbstractCharsetProvider.java:147)
	at jdk.charsets/sun.nio.cs.ext.AbstractCharsetProvider$1.next(AbstractCharsetProvider.java:189)
	at jdk.charsets/sun.nio.cs.ext.AbstractCharsetProvider$1.next(AbstractCharsetProvider.java:179)
	at java.base/java.nio.charset.Charset.put(Charset.java:536)
	at java.base/java.nio.charset.Charset$3.run(Charset.java:579)
	at java.base/java.nio.charset.Charset$3.run(Charset.java:571)
	at java.base/java.security.AccessController.doPrivileged(AccessController.java:318)
	at java.base/java.nio.charset.Charset.availableCharsets(Charset.java:570)
	at org.springframework.http.converter.StringHttpMessageConverter.<init>(StringHttpMessageConverter.java:67)
	at org.springframework.http.converter.StringHttpMessageConverter.<init>(StringHttpMessageConverter.java:57)
	at org.springframework.web.servlet.mvc.method.annotation.RequestMappingHandlerAdapter.<init>(RequestMappingHandlerAdapter.java:180)
	at org.springframework.web.servlet.config.annotation.WebMvcConfigurationSupport.requestMappingHandlerAdapter(WebMvcConfigurationSupport.java:482)
	at org.springframework.test.web.servlet.setup.StandaloneMockMvcBuilder.registerMvcSingletons(StandaloneMockMvcBuilder.java:292)
	at org.springframework.test.web.servlet.setup.StandaloneMockMvcBuilder.initWebAppContext(StandaloneMockMvcBuilder.java:279)
	at org.springframework.test.web.servlet.setup.DefaultMockMvcBuilder.build(DefaultMockMvcBuilder.java:200)
	at com.visualpathit.account.controllerTest.UserControllerTest.setup(UserControllerTest.java:40)
	at java.base/jdk.internal.reflect.NativeMethodAccessorImpl.invoke0(Native Method)
	at java.base/jdk.internal.reflect.NativeMethodAccessorImpl.invoke(NativeMethodAccessorImpl.java:77)
	at java.base/jdk.internal.reflect.DelegatingMethodAccessorImpl.invoke(DelegatingMethodAccessorImpl.java:43)
	at java.base/java.lang.reflect.Method.invoke(Method.java:569)
	at org.junit.runners.model.FrameworkMethod$1.runReflectiveCall(FrameworkMethod.java:45)
	at org.junit.internal.runners.model.ReflectiveCallable.run(ReflectiveCallable.java:15)
	at org.junit.runners.model.FrameworkMethod.invokeExplosively(FrameworkMethod.java:42)
	at org.junit.internal.runners.statements.RunBefores.evaluate(RunBefores.java:27)
	at org.junit.runners.ParentRunner.runLeaf(ParentRunner.java:263)
	at org.junit.runners.BlockJUnit4ClassRunner.runChild(BlockJUnit4ClassRunner.java:68)
	at org.junit.runners.BlockJUnit4ClassRunner.runChild(BlockJUnit4ClassRunner.java:47)
	at org.junit.runners.ParentRunner$3.run(ParentRunner.java:231)
	at org.junit.runners.ParentRunner$1.schedule(ParentRunner.java:60)
	at org.junit.runners.ParentRunner.runChildren(ParentRunner.java:229)
	at org.junit.runners.ParentRunner.access$000(ParentRunner.java:50)
	at org.junit.runners.ParentRunner$2.evaluate(ParentRunner.java:222)
	at org.junit.runners.ParentRunner.run(ParentRunner.java:300)
	at org.apache.maven.surefire.junit4.JUnit4Provider.execute(JUnit4Provider.java:316)
	at org.apache.maven.surefire.junit4.JUnit4Provider.executeWithRerun(JUnit4Provider.java:240)
	at org.apache.maven.surefire.junit4.JUnit4Provider.executeTestSet(JUnit4Provider.java:214)
	at org.apache.maven.surefire.junit4.JUnit4Provider.invoke(JUnit4Provider.java:155)
	at org.apache.maven.surefire.booter.ForkedBooter.runSuitesInProcess(ForkedBooter.java:385)
	at org.apache.maven.surefire.booter.ForkedBooter.execute(ForkedBooter.java:162)
	at org.apache.maven.surefire.booter.ForkedBooter.run(ForkedBooter.java:507)
	at org.apache.maven.surefire.booter.ForkedBooter.main(ForkedBooter.java:495)
Caused by: java.io.IOException: Error while instrumenting sun/nio/cs/ext/MS950_HKSCS.
	at org.jacoco.agent.rt.internal_035b120.core.instr.Instrumenter.instrumentError(Instrumenter.java:158)
	at org.jacoco.agent.rt.internal_035b120.core.instr.Instrumenter.instrument(Instrumenter.java:108)
	at org.jacoco.agent.rt.internal_035b120.CoverageTransformer.transform(CoverageTransformer.java:91)
	... 54 more
Caused by: java.lang.IllegalArgumentException: Unsupported class file major version 61
	at org.jacoco.agent.rt.internal_035b120.asm.ClassReader.<init>(ClassReader.java:195)
	at org.jacoco.agent.rt.internal_035b120.asm.ClassReader.<init>(ClassReader.java:176)
	at org.jacoco.agent.rt.internal_035b120.asm.ClassReader.<init>(ClassReader.java:162)
	at org.jacoco.agent.rt.internal_035b120.core.internal.instr.InstrSupport.classReaderFor(InstrSupport.java:279)
	at org.jacoco.agent.rt.internal_035b120.core.instr.Instrumenter.instrument(Instrumenter.java:74)
	at org.jacoco.agent.rt.internal_035b120.core.instr.Instrumenter.instrument(Instrumenter.java:106)
	... 55 more
java.lang.instrument.IllegalClassFormatException: Error while instrumenting sun/nio/cs/ext/MS950_HKSCS$Decoder.
	at org.jacoco.agent.rt.internal_035b120.CoverageTransformer.transform(CoverageTransformer.java:93)
	at java.instrument/java.lang.instrument.ClassFileTransformer.transform(ClassFileTransformer.java:244)
	at java.instrument/sun.instrument.TransformerManager.transform(TransformerManager.java:188)
	at java.instrument/sun.instrument.InstrumentationImpl.transform(InstrumentationImpl.java:541)
	at java.base/java.lang.ClassLoader.defineClass2(Native Method)
	at java.base/java.lang.ClassLoader.defineClass(ClassLoader.java:1108)
	at java.base/java.security.SecureClassLoader.defineClass(SecureClassLoader.java:182)
	at java.base/jdk.internal.loader.BuiltinClassLoader.defineClass(BuiltinClassLoader.java:821)
	at java.base/jdk.internal.loader.BuiltinClassLoader.findClassInModuleOrNull(BuiltinClassLoader.java:741)
	at java.base/jdk.internal.loader.BuiltinClassLoader.loadClassOrNull(BuiltinClassLoader.java:665)
	at java.base/jdk.internal.loader.BuiltinClassLoader.loadClass(BuiltinClassLoader.java:639)
	at java.base/java.lang.ClassLoader.loadClass(ClassLoader.java:525)
	at java.base/java.lang.Class.forName0(Native Method)
	at java.base/java.lang.Class.forName(Class.java:467)
	at jdk.charsets/sun.nio.cs.ext.AbstractCharsetProvider.lookup(AbstractCharsetProvider.java:147)
	at jdk.charsets/sun.nio.cs.ext.AbstractCharsetProvider$1.next(AbstractCharsetProvider.java:189)
	at jdk.charsets/sun.nio.cs.ext.AbstractCharsetProvider$1.next(AbstractCharsetProvider.java:179)
	at java.base/java.nio.charset.Charset.put(Charset.java:536)
	at java.base/java.nio.charset.Charset$3.run(Charset.java:579)
	at java.base/java.nio.charset.Charset$3.run(Charset.java:571)
	at java.base/java.security.AccessController.doPrivileged(AccessController.java:318)
	at java.base/java.nio.charset.Charset.availableCharsets(Charset.java:570)
	at org.springframework.http.converter.StringHttpMessageConverter.<init>(StringHttpMessageConverter.java:67)
	at org.springframework.http.converter.StringHttpMessageConverter.<init>(StringHttpMessageConverter.java:57)
	at org.springframework.web.servlet.mvc.method.annotation.RequestMappingHandlerAdapter.<init>(RequestMappingHandlerAdapter.java:180)
	at org.springframework.web.servlet.config.annotation.WebMvcConfigurationSupport.requestMappingHandlerAdapter(WebMvcConfigurationSupport.java:482)
	at org.springframework.test.web.servlet.setup.StandaloneMockMvcBuilder.registerMvcSingletons(StandaloneMockMvcBuilder.java:292)
	at org.springframework.test.web.servlet.setup.StandaloneMockMvcBuilder.initWebAppContext(StandaloneMockMvcBuilder.java:279)
	at org.springframework.test.web.servlet.setup.DefaultMockMvcBuilder.build(DefaultMockMvcBuilder.java:200)
	at com.visualpathit.account.controllerTest.UserControllerTest.setup(UserControllerTest.java:40)
	at java.base/jdk.internal.reflect.NativeMethodAccessorImpl.invoke0(Native Method)
	at java.base/jdk.internal.reflect.NativeMethodAccessorImpl.invoke(NativeMethodAccessorImpl.java:77)
	at java.base/jdk.internal.reflect.DelegatingMethodAccessorImpl.invoke(DelegatingMethodAccessorImpl.java:43)
	at java.base/java.lang.reflect.Method.invoke(Method.java:569)
	at org.junit.runners.model.FrameworkMethod$1.runReflectiveCall(FrameworkMethod.java:45)
	at org.junit.internal.runners.model.ReflectiveCallable.run(ReflectiveCallable.java:15)
	at org.junit.runners.model.FrameworkMethod.invokeExplosively(FrameworkMethod.java:42)
	at org.junit.internal.runners.statements.RunBefores.evaluate(RunBefores.java:27)
	at org.junit.runners.ParentRunner.runLeaf(ParentRunner.java:263)
	at org.junit.runners.BlockJUnit4ClassRunner.runChild(BlockJUnit4ClassRunner.java:68)
	at org.junit.runners.BlockJUnit4ClassRunner.runChild(BlockJUnit4ClassRunner.java:47)
	at org.junit.runners.ParentRunner$3.run(ParentRunner.java:231)
	at org.junit.runners.ParentRunner$1.schedule(ParentRunner.java:60)
	at org.junit.runners.ParentRunner.runChildren(ParentRunner.java:229)
	at org.junit.runners.ParentRunner.access$000(ParentRunner.java:50)
	at org.junit.runners.ParentRunner$2.evaluate(ParentRunner.java:222)
	at org.junit.runners.ParentRunner.run(ParentRunner.java:300)
	at org.apache.maven.surefire.junit4.JUnit4Provider.execute(JUnit4Provider.java:316)
	at org.apache.maven.surefire.junit4.JUnit4Provider.executeWithRerun(JUnit4Provider.java:240)
	at org.apache.maven.surefire.junit4.JUnit4Provider.executeTestSet(JUnit4Provider.java:214)
	at org.apache.maven.surefire.junit4.JUnit4Provider.invoke(JUnit4Provider.java:155)
	at org.apache.maven.surefire.booter.ForkedBooter.runSuitesInProcess(ForkedBooter.java:385)
	at org.apache.maven.surefire.booter.ForkedBooter.execute(ForkedBooter.java:162)
	at org.apache.maven.surefire.booter.ForkedBooter.run(ForkedBooter.java:507)
	at org.apache.maven.surefire.booter.ForkedBooter.main(ForkedBooter.java:495)
Caused by: java.io.IOException: Error while instrumenting sun/nio/cs/ext/MS950_HKSCS$Decoder.
	at org.jacoco.agent.rt.internal_035b120.core.instr.Instrumenter.instrumentError(Instrumenter.java:158)
	at org.jacoco.agent.rt.internal_035b120.core.instr.Instrumenter.instrument(Instrumenter.java:108)
	at org.jacoco.agent.rt.internal_035b120.CoverageTransformer.transform(CoverageTransformer.java:91)
	... 54 more
Caused by: java.lang.IllegalArgumentException: Unsupported class file major version 61
	at org.jacoco.agent.rt.internal_035b120.asm.ClassReader.<init>(ClassReader.java:195)
	at org.jacoco.agent.rt.internal_035b120.asm.ClassReader.<init>(ClassReader.java:176)
	at org.jacoco.agent.rt.internal_035b120.asm.ClassReader.<init>(ClassReader.java:162)
	at org.jacoco.agent.rt.internal_035b120.core.internal.instr.InstrSupport.classReaderFor(InstrSupport.java:279)
	at org.jacoco.agent.rt.internal_035b120.core.instr.Instrumenter.instrument(Instrumenter.java:74)
	at org.jacoco.agent.rt.internal_035b120.core.instr.Instrumenter.instrument(Instrumenter.java:106)
	... 55 more
java.lang.instrument.IllegalClassFormatException: Error while instrumenting sun/nio/cs/ext/MS950_HKSCS$Encoder.
	at org.jacoco.agent.rt.internal_035b120.CoverageTransformer.transform(CoverageTransformer.java:93)
	at java.instrument/java.lang.instrument.ClassFileTransformer.transform(ClassFileTransformer.java:244)
	at java.instrument/sun.instrument.TransformerManager.transform(TransformerManager.java:188)
	at java.instrument/sun.instrument.InstrumentationImpl.transform(InstrumentationImpl.java:541)
	at java.base/java.lang.ClassLoader.defineClass2(Native Method)
	at java.base/java.lang.ClassLoader.defineClass(ClassLoader.java:1108)
	at java.base/java.security.SecureClassLoader.defineClass(SecureClassLoader.java:182)
	at java.base/jdk.internal.loader.BuiltinClassLoader.defineClass(BuiltinClassLoader.java:821)
	at java.base/jdk.internal.loader.BuiltinClassLoader.findClassInModuleOrNull(BuiltinClassLoader.java:741)
	at java.base/jdk.internal.loader.BuiltinClassLoader.loadClassOrNull(BuiltinClassLoader.java:665)
	at java.base/jdk.internal.loader.BuiltinClassLoader.loadClass(BuiltinClassLoader.java:639)
	at java.base/java.lang.ClassLoader.loadClass(ClassLoader.java:525)
	at java.base/java.lang.Class.forName0(Native Method)
	at java.base/java.lang.Class.forName(Class.java:467)
	at jdk.charsets/sun.nio.cs.ext.AbstractCharsetProvider.lookup(AbstractCharsetProvider.java:147)
	at jdk.charsets/sun.nio.cs.ext.AbstractCharsetProvider$1.next(AbstractCharsetProvider.java:189)
	at jdk.charsets/sun.nio.cs.ext.AbstractCharsetProvider$1.next(AbstractCharsetProvider.java:179)
	at java.base/java.nio.charset.Charset.put(Charset.java:536)
	at java.base/java.nio.charset.Charset$3.run(Charset.java:579)
	at java.base/java.nio.charset.Charset$3.run(Charset.java:571)
	at java.base/java.security.AccessController.doPrivileged(AccessController.java:318)
	at java.base/java.nio.charset.Charset.availableCharsets(Charset.java:570)
	at org.springframework.http.converter.StringHttpMessageConverter.<init>(StringHttpMessageConverter.java:67)
	at org.springframework.http.converter.StringHttpMessageConverter.<init>(StringHttpMessageConverter.java:57)
	at org.springframework.web.servlet.mvc.method.annotation.RequestMappingHandlerAdapter.<init>(RequestMappingHandlerAdapter.java:180)
	at org.springframework.web.servlet.config.annotation.WebMvcConfigurationSupport.requestMappingHandlerAdapter(WebMvcConfigurationSupport.java:482)
	at org.springframework.test.web.servlet.setup.StandaloneMockMvcBuilder.registerMvcSingletons(StandaloneMockMvcBuilder.java:292)
	at org.springframework.test.web.servlet.setup.StandaloneMockMvcBuilder.initWebAppContext(StandaloneMockMvcBuilder.java:279)
	at org.springframework.test.web.servlet.setup.DefaultMockMvcBuilder.build(DefaultMockMvcBuilder.java:200)
	at com.visualpathit.account.controllerTest.UserControllerTest.setup(UserControllerTest.java:40)
	at java.base/jdk.internal.reflect.NativeMethodAccessorImpl.invoke0(Native Method)
	at java.base/jdk.internal.reflect.NativeMethodAccessorImpl.invoke(NativeMethodAccessorImpl.java:77)
	at java.base/jdk.internal.reflect.DelegatingMethodAccessorImpl.invoke(DelegatingMethodAccessorImpl.java:43)
	at java.base/java.lang.reflect.Method.invoke(Method.java:569)
	at org.junit.runners.model.FrameworkMethod$1.runReflectiveCall(FrameworkMethod.java:45)
	at org.junit.internal.runners.model.ReflectiveCallable.run(ReflectiveCallable.java:15)
	at org.junit.runners.model.FrameworkMethod.invokeExplosively(FrameworkMethod.java:42)
	at org.junit.internal.runners.statements.RunBefores.evaluate(RunBefores.java:27)
	at org.junit.runners.ParentRunner.runLeaf(ParentRunner.java:263)
	at org.junit.runners.BlockJUnit4ClassRunner.runChild(BlockJUnit4ClassRunner.java:68)
	at org.junit.runners.BlockJUnit4ClassRunner.runChild(BlockJUnit4ClassRunner.java:47)
	at org.junit.runners.ParentRunner$3.run(ParentRunner.java:231)
	at org.junit.runners.ParentRunner$1.schedule(ParentRunner.java:60)
	at org.junit.runners.ParentRunner.runChildren(ParentRunner.java:229)
	at org.junit.runners.ParentRunner.access$000(ParentRunner.java:50)
	at org.junit.runners.ParentRunner$2.evaluate(ParentRunner.java:222)
	at org.junit.runners.ParentRunner.run(ParentRunner.java:300)
	at org.apache.maven.surefire.junit4.JUnit4Provider.execute(JUnit4Provider.java:316)
	at org.apache.maven.surefire.junit4.JUnit4Provider.executeWithRerun(JUnit4Provider.java:240)
	at org.apache.maven.surefire.junit4.JUnit4Provider.executeTestSet(JUnit4Provider.java:214)
	at org.apache.maven.surefire.junit4.JUnit4Provider.invoke(JUnit4Provider.java:155)
	at org.apache.maven.surefire.booter.ForkedBooter.runSuitesInProcess(ForkedBooter.java:385)
	at org.apache.maven.surefire.booter.ForkedBooter.execute(ForkedBooter.java:162)
	at org.apache.maven.surefire.booter.ForkedBooter.run(ForkedBooter.java:507)
	at org.apache.maven.surefire.booter.ForkedBooter.main(ForkedBooter.java:495)
Caused by: java.io.IOException: Error while instrumenting sun/nio/cs/ext/MS950_HKSCS$Encoder.
	at org.jacoco.agent.rt.internal_035b120.core.instr.Instrumenter.instrumentError(Instrumenter.java:158)
	at org.jacoco.agent.rt.internal_035b120.core.instr.Instrumenter.instrument(Instrumenter.java:108)
	at org.jacoco.agent.rt.internal_035b120.CoverageTransformer.transform(CoverageTransformer.java:91)
	... 54 more
Caused by: java.lang.IllegalArgumentException: Unsupported class file major version 61
	at org.jacoco.agent.rt.internal_035b120.asm.ClassReader.<init>(ClassReader.java:195)
	at org.jacoco.agent.rt.internal_035b120.asm.ClassReader.<init>(ClassReader.java:176)
	at org.jacoco.agent.rt.internal_035b120.asm.ClassReader.<init>(ClassReader.java:162)
	at org.jacoco.agent.rt.internal_035b120.core.internal.instr.InstrSupport.classReaderFor(InstrSupport.java:279)
	at org.jacoco.agent.rt.internal_035b120.core.instr.Instrumenter.instrument(Instrumenter.java:74)
	at org.jacoco.agent.rt.internal_035b120.core.instr.Instrumenter.instrument(Instrumenter.java:106)
	... 55 more
java.lang.instrument.IllegalClassFormatException: Error while instrumenting sun/nio/cs/ext/MS950_HKSCS_XP.
	at org.jacoco.agent.rt.internal_035b120.CoverageTransformer.transform(CoverageTransformer.java:93)
	at java.instrument/java.lang.instrument.ClassFileTransformer.transform(ClassFileTransformer.java:244)
	at java.instrument/sun.instrument.TransformerManager.transform(TransformerManager.java:188)
	at java.instrument/sun.instrument.InstrumentationImpl.transform(InstrumentationImpl.java:541)
	at java.base/java.lang.ClassLoader.defineClass2(Native Method)
	at java.base/java.lang.ClassLoader.defineClass(ClassLoader.java:1108)
	at java.base/java.security.SecureClassLoader.defineClass(SecureClassLoader.java:182)
	at java.base/jdk.internal.loader.BuiltinClassLoader.defineClass(BuiltinClassLoader.java:821)
	at java.base/jdk.internal.loader.BuiltinClassLoader.findClassInModuleOrNull(BuiltinClassLoader.java:741)
	at java.base/jdk.internal.loader.BuiltinClassLoader.loadClassOrNull(BuiltinClassLoader.java:665)
	at java.base/jdk.internal.loader.BuiltinClassLoader.loadClass(BuiltinClassLoader.java:639)
	at java.base/java.lang.ClassLoader.loadClass(ClassLoader.java:525)
	at java.base/java.lang.Class.forName0(Native Method)
	at java.base/java.lang.Class.forName(Class.java:467)
	at jdk.charsets/sun.nio.cs.ext.AbstractCharsetProvider.lookup(AbstractCharsetProvider.java:147)
	at jdk.charsets/sun.nio.cs.ext.AbstractCharsetProvider$1.next(AbstractCharsetProvider.java:189)
	at jdk.charsets/sun.nio.cs.ext.AbstractCharsetProvider$1.next(AbstractCharsetProvider.java:179)
	at java.base/java.nio.charset.Charset.put(Charset.java:536)
	at java.base/java.nio.charset.Charset$3.run(Charset.java:579)
	at java.base/java.nio.charset.Charset$3.run(Charset.java:571)
	at java.base/java.security.AccessController.doPrivileged(AccessController.java:318)
	at java.base/java.nio.charset.Charset.availableCharsets(Charset.java:570)
	at org.springframework.http.converter.StringHttpMessageConverter.<init>(StringHttpMessageConverter.java:67)
	at org.springframework.http.converter.StringHttpMessageConverter.<init>(StringHttpMessageConverter.java:57)
	at org.springframework.web.servlet.mvc.method.annotation.RequestMappingHandlerAdapter.<init>(RequestMappingHandlerAdapter.java:180)
	at org.springframework.web.servlet.config.annotation.WebMvcConfigurationSupport.requestMappingHandlerAdapter(WebMvcConfigurationSupport.java:482)
	at org.springframework.test.web.servlet.setup.StandaloneMockMvcBuilder.registerMvcSingletons(StandaloneMockMvcBuilder.java:292)
	at org.springframework.test.web.servlet.setup.StandaloneMockMvcBuilder.initWebAppContext(StandaloneMockMvcBuilder.java:279)
	at org.springframework.test.web.servlet.setup.DefaultMockMvcBuilder.build(DefaultMockMvcBuilder.java:200)
	at com.visualpathit.account.controllerTest.UserControllerTest.setup(UserControllerTest.java:40)
	at java.base/jdk.internal.reflect.NativeMethodAccessorImpl.invoke0(Native Method)
	at java.base/jdk.internal.reflect.NativeMethodAccessorImpl.invoke(NativeMethodAccessorImpl.java:77)
	at java.base/jdk.internal.reflect.DelegatingMethodAccessorImpl.invoke(DelegatingMethodAccessorImpl.java:43)
	at java.base/java.lang.reflect.Method.invoke(Method.java:569)
	at org.junit.runners.model.FrameworkMethod$1.runReflectiveCall(FrameworkMethod.java:45)
	at org.junit.internal.runners.model.ReflectiveCallable.run(ReflectiveCallable.java:15)
	at org.junit.runners.model.FrameworkMethod.invokeExplosively(FrameworkMethod.java:42)
	at org.junit.internal.runners.statements.RunBefores.evaluate(RunBefores.java:27)
	at org.junit.runners.ParentRunner.runLeaf(ParentRunner.java:263)
	at org.junit.runners.BlockJUnit4ClassRunner.runChild(BlockJUnit4ClassRunner.java:68)
	at org.junit.runners.BlockJUnit4ClassRunner.runChild(BlockJUnit4ClassRunner.java:47)
	at org.junit.runners.ParentRunner$3.run(ParentRunner.java:231)
	at org.junit.runners.ParentRunner$1.schedule(ParentRunner.java:60)
	at org.junit.runners.ParentRunner.runChildren(ParentRunner.java:229)
	at org.junit.runners.ParentRunner.access$000(ParentRunner.java:50)
	at org.junit.runners.ParentRunner$2.evaluate(ParentRunner.java:222)
	at org.junit.runners.ParentRunner.run(ParentRunner.java:300)
	at org.apache.maven.surefire.junit4.JUnit4Provider.execute(JUnit4Provider.java:316)
	at org.apache.maven.surefire.junit4.JUnit4Provider.executeWithRerun(JUnit4Provider.java:240)
	at org.apache.maven.surefire.junit4.JUnit4Provider.executeTestSet(JUnit4Provider.java:214)
	at org.apache.maven.surefire.junit4.JUnit4Provider.invoke(JUnit4Provider.java:155)
	at org.apache.maven.surefire.booter.ForkedBooter.runSuitesInProcess(ForkedBooter.java:385)
	at org.apache.maven.surefire.booter.ForkedBooter.execute(ForkedBooter.java:162)
	at org.apache.maven.surefire.booter.ForkedBooter.run(ForkedBooter.java:507)
	at org.apache.maven.surefire.booter.ForkedBooter.main(ForkedBooter.java:495)
Caused by: java.io.IOException: Error while instrumenting sun/nio/cs/ext/MS950_HKSCS_XP.
	at org.jacoco.agent.rt.internal_035b120.core.instr.Instrumenter.instrumentError(Instrumenter.java:158)
	at org.jacoco.agent.rt.internal_035b120.core.instr.Instrumenter.instrument(Instrumenter.java:108)
	at org.jacoco.agent.rt.internal_035b120.CoverageTransformer.transform(CoverageTransformer.java:91)
	... 54 more
Caused by: java.lang.IllegalArgumentException: Unsupported class file major version 61
	at org.jacoco.agent.rt.internal_035b120.asm.ClassReader.<init>(ClassReader.java:195)
	at org.jacoco.agent.rt.internal_035b120.asm.ClassReader.<init>(ClassReader.java:176)
	at org.jacoco.agent.rt.internal_035b120.asm.ClassReader.<init>(ClassReader.java:162)
	at org.jacoco.agent.rt.internal_035b120.core.internal.instr.InstrSupport.classReaderFor(InstrSupport.java:279)
	at org.jacoco.agent.rt.internal_035b120.core.instr.Instrumenter.instrument(Instrumenter.java:74)
	at org.jacoco.agent.rt.internal_035b120.core.instr.Instrumenter.instrument(Instrumenter.java:106)
	... 55 more
java.lang.instrument.IllegalClassFormatException: Error while instrumenting sun/nio/cs/ext/MS950_HKSCS_XP$Decoder.
	at org.jacoco.agent.rt.internal_035b120.CoverageTransformer.transform(CoverageTransformer.java:93)
	at java.instrument/java.lang.instrument.ClassFileTransformer.transform(ClassFileTransformer.java:244)
	at java.instrument/sun.instrument.TransformerManager.transform(TransformerManager.java:188)
	at java.instrument/sun.instrument.InstrumentationImpl.transform(InstrumentationImpl.java:541)
	at java.base/java.lang.ClassLoader.defineClass2(Native Method)
	at java.base/java.lang.ClassLoader.defineClass(ClassLoader.java:1108)
	at java.base/java.security.SecureClassLoader.defineClass(SecureClassLoader.java:182)
	at java.base/jdk.internal.loader.BuiltinClassLoader.defineClass(BuiltinClassLoader.java:821)
	at java.base/jdk.internal.loader.BuiltinClassLoader.findClassInModuleOrNull(BuiltinClassLoader.java:741)
	at java.base/jdk.internal.loader.BuiltinClassLoader.loadClassOrNull(BuiltinClassLoader.java:665)
	at java.base/jdk.internal.loader.BuiltinClassLoader.loadClass(BuiltinClassLoader.java:639)
	at java.base/java.lang.ClassLoader.loadClass(ClassLoader.java:525)
	at java.base/java.lang.Class.forName0(Native Method)
	at java.base/java.lang.Class.forName(Class.java:467)
	at jdk.charsets/sun.nio.cs.ext.AbstractCharsetProvider.lookup(AbstractCharsetProvider.java:147)
	at jdk.charsets/sun.nio.cs.ext.AbstractCharsetProvider$1.next(AbstractCharsetProvider.java:189)
	at jdk.charsets/sun.nio.cs.ext.AbstractCharsetProvider$1.next(AbstractCharsetProvider.java:179)
	at java.base/java.nio.charset.Charset.put(Charset.java:536)
	at java.base/java.nio.charset.Charset$3.run(Charset.java:579)
	at java.base/java.nio.charset.Charset$3.run(Charset.java:571)
	at java.base/java.security.AccessController.doPrivileged(AccessController.java:318)
	at java.base/java.nio.charset.Charset.availableCharsets(Charset.java:570)
	at org.springframework.http.converter.StringHttpMessageConverter.<init>(StringHttpMessageConverter.java:67)
	at org.springframework.http.converter.StringHttpMessageConverter.<init>(StringHttpMessageConverter.java:57)
	at org.springframework.web.servlet.mvc.method.annotation.RequestMappingHandlerAdapter.<init>(RequestMappingHandlerAdapter.java:180)
	at org.springframework.web.servlet.config.annotation.WebMvcConfigurationSupport.requestMappingHandlerAdapter(WebMvcConfigurationSupport.java:482)
	at org.springframework.test.web.servlet.setup.StandaloneMockMvcBuilder.registerMvcSingletons(StandaloneMockMvcBuilder.java:292)
	at org.springframework.test.web.servlet.setup.StandaloneMockMvcBuilder.initWebAppContext(StandaloneMockMvcBuilder.java:279)
	at org.springframework.test.web.servlet.setup.DefaultMockMvcBuilder.build(DefaultMockMvcBuilder.java:200)
	at com.visualpathit.account.controllerTest.UserControllerTest.setup(UserControllerTest.java:40)
	at java.base/jdk.internal.reflect.NativeMethodAccessorImpl.invoke0(Native Method)
	at java.base/jdk.internal.reflect.NativeMethodAccessorImpl.invoke(NativeMethodAccessorImpl.java:77)
	at java.base/jdk.internal.reflect.DelegatingMethodAccessorImpl.invoke(DelegatingMethodAccessorImpl.java:43)
	at java.base/java.lang.reflect.Method.invoke(Method.java:569)
	at org.junit.runners.model.FrameworkMethod$1.runReflectiveCall(FrameworkMethod.java:45)
	at org.junit.internal.runners.model.ReflectiveCallable.run(ReflectiveCallable.java:15)
	at org.junit.runners.model.FrameworkMethod.invokeExplosively(FrameworkMethod.java:42)
	at org.junit.internal.runners.statements.RunBefores.evaluate(RunBefores.java:27)
	at org.junit.runners.ParentRunner.runLeaf(ParentRunner.java:263)
	at org.junit.runners.BlockJUnit4ClassRunner.runChild(BlockJUnit4ClassRunner.java:68)
	at org.junit.runners.BlockJUnit4ClassRunner.runChild(BlockJUnit4ClassRunner.java:47)
	at org.junit.runners.ParentRunner$3.run(ParentRunner.java:231)
	at org.junit.runners.ParentRunner$1.schedule(ParentRunner.java:60)
	at org.junit.runners.ParentRunner.runChildren(ParentRunner.java:229)
	at org.junit.runners.ParentRunner.access$000(ParentRunner.java:50)
	at org.junit.runners.ParentRunner$2.evaluate(ParentRunner.java:222)
	at org.junit.runners.ParentRunner.run(ParentRunner.java:300)
	at org.apache.maven.surefire.junit4.JUnit4Provider.execute(JUnit4Provider.java:316)
	at org.apache.maven.surefire.junit4.JUnit4Provider.executeWithRerun(JUnit4Provider.java:240)
	at org.apache.maven.surefire.junit4.JUnit4Provider.executeTestSet(JUnit4Provider.java:214)
	at org.apache.maven.surefire.junit4.JUnit4Provider.invoke(JUnit4Provider.java:155)
	at org.apache.maven.surefire.booter.ForkedBooter.runSuitesInProcess(ForkedBooter.java:385)
	at org.apache.maven.surefire.booter.ForkedBooter.execute(ForkedBooter.java:162)
	at org.apache.maven.surefire.booter.ForkedBooter.run(ForkedBooter.java:507)
	at org.apache.maven.surefire.booter.ForkedBooter.main(ForkedBooter.java:495)
Caused by: java.io.IOException: Error while instrumenting sun/nio/cs/ext/MS950_HKSCS_XP$Decoder.
	at org.jacoco.agent.rt.internal_035b120.core.instr.Instrumenter.instrumentError(Instrumenter.java:158)
	at org.jacoco.agent.rt.internal_035b120.core.instr.Instrumenter.instrument(Instrumenter.java:108)
	at org.jacoco.agent.rt.internal_035b120.CoverageTransformer.transform(CoverageTransformer.java:91)
	... 54 more
Caused by: java.lang.IllegalArgumentException: Unsupported class file major version 61
	at org.jacoco.agent.rt.internal_035b120.asm.ClassReader.<init>(ClassReader.java:195)
	at org.jacoco.agent.rt.internal_035b120.asm.ClassReader.<init>(ClassReader.java:176)
	at org.jacoco.agent.rt.internal_035b120.asm.ClassReader.<init>(ClassReader.java:162)
	at org.jacoco.agent.rt.internal_035b120.core.internal.instr.InstrSupport.classReaderFor(InstrSupport.java:279)
	at org.jacoco.agent.rt.internal_035b120.core.instr.Instrumenter.instrument(Instrumenter.java:74)
	at org.jacoco.agent.rt.internal_035b120.core.instr.Instrumenter.instrument(Instrumenter.java:106)
	... 55 more
java.lang.instrument.IllegalClassFormatException: Error while instrumenting sun/nio/cs/ext/MS950_HKSCS_XP$Encoder.
	at org.jacoco.agent.rt.internal_035b120.CoverageTransformer.transform(CoverageTransformer.java:93)
	at java.instrument/java.lang.instrument.ClassFileTransformer.transform(ClassFileTransformer.java:244)
	at java.instrument/sun.instrument.TransformerManager.transform(TransformerManager.java:188)
	at java.instrument/sun.instrument.InstrumentationImpl.transform(InstrumentationImpl.java:541)
	at java.base/java.lang.ClassLoader.defineClass2(Native Method)
	at java.base/java.lang.ClassLoader.defineClass(ClassLoader.java:1108)
	at java.base/java.security.SecureClassLoader.defineClass(SecureClassLoader.java:182)
	at java.base/jdk.internal.loader.BuiltinClassLoader.defineClass(BuiltinClassLoader.java:821)
	at java.base/jdk.internal.loader.BuiltinClassLoader.findClassInModuleOrNull(BuiltinClassLoader.java:741)
	at java.base/jdk.internal.loader.BuiltinClassLoader.loadClassOrNull(BuiltinClassLoader.java:665)
	at java.base/jdk.internal.loader.BuiltinClassLoader.loadClass(BuiltinClassLoader.java:639)
	at java.base/java.lang.ClassLoader.loadClass(ClassLoader.java:525)
	at java.base/java.lang.Class.forName0(Native Method)
	at java.base/java.lang.Class.forName(Class.java:467)
	at jdk.charsets/sun.nio.cs.ext.AbstractCharsetProvider.lookup(AbstractCharsetProvider.java:147)
	at jdk.charsets/sun.nio.cs.ext.AbstractCharsetProvider$1.next(AbstractCharsetProvider.java:189)
	at jdk.charsets/sun.nio.cs.ext.AbstractCharsetProvider$1.next(AbstractCharsetProvider.java:179)
	at java.base/java.nio.charset.Charset.put(Charset.java:536)
	at java.base/java.nio.charset.Charset$3.run(Charset.java:579)
	at java.base/java.nio.charset.Charset$3.run(Charset.java:571)
	at java.base/java.security.AccessController.doPrivileged(AccessController.java:318)
	at java.base/java.nio.charset.Charset.availableCharsets(Charset.java:570)
	at org.springframework.http.converter.StringHttpMessageConverter.<init>(StringHttpMessageConverter.java:67)
	at org.springframework.http.converter.StringHttpMessageConverter.<init>(StringHttpMessageConverter.java:57)
	at org.springframework.web.servlet.mvc.method.annotation.RequestMappingHandlerAdapter.<init>(RequestMappingHandlerAdapter.java:180)
	at org.springframework.web.servlet.config.annotation.WebMvcConfigurationSupport.requestMappingHandlerAdapter(WebMvcConfigurationSupport.java:482)
	at org.springframework.test.web.servlet.setup.StandaloneMockMvcBuilder.registerMvcSingletons(StandaloneMockMvcBuilder.java:292)
	at org.springframework.test.web.servlet.setup.StandaloneMockMvcBuilder.initWebAppContext(StandaloneMockMvcBuilder.java:279)
	at org.springframework.test.web.servlet.setup.DefaultMockMvcBuilder.build(DefaultMockMvcBuilder.java:200)
	at com.visualpathit.account.controllerTest.UserControllerTest.setup(UserControllerTest.java:40)
	at java.base/jdk.internal.reflect.NativeMethodAccessorImpl.invoke0(Native Method)
	at java.base/jdk.internal.reflect.NativeMethodAccessorImpl.invoke(NativeMethodAccessorImpl.java:77)
	at java.base/jdk.internal.reflect.DelegatingMethodAccessorImpl.invoke(DelegatingMethodAccessorImpl.java:43)
	at java.base/java.lang.reflect.Method.invoke(Method.java:569)
	at org.junit.runners.model.FrameworkMethod$1.runReflectiveCall(FrameworkMethod.java:45)
	at org.junit.internal.runners.model.ReflectiveCallable.run(ReflectiveCallable.java:15)
	at org.junit.runners.model.FrameworkMethod.invokeExplosively(FrameworkMethod.java:42)
	at org.junit.internal.runners.statements.RunBefores.evaluate(RunBefores.java:27)
	at org.junit.runners.ParentRunner.runLeaf(ParentRunner.java:263)
	at org.junit.runners.BlockJUnit4ClassRunner.runChild(BlockJUnit4ClassRunner.java:68)
	at org.junit.runners.BlockJUnit4ClassRunner.runChild(BlockJUnit4ClassRunner.java:47)
	at org.junit.runners.ParentRunner$3.run(ParentRunner.java:231)
	at org.junit.runners.ParentRunner$1.schedule(ParentRunner.java:60)
	at org.junit.runners.ParentRunner.runChildren(ParentRunner.java:229)
	at org.junit.runners.ParentRunner.access$000(ParentRunner.java:50)
	at org.junit.runners.ParentRunner$2.evaluate(ParentRunner.java:222)
	at org.junit.runners.ParentRunner.run(ParentRunner.java:300)
	at org.apache.maven.surefire.junit4.JUnit4Provider.execute(JUnit4Provider.java:316)
	at org.apache.maven.surefire.junit4.JUnit4Provider.executeWithRerun(JUnit4Provider.java:240)
	at org.apache.maven.surefire.junit4.JUnit4Provider.executeTestSet(JUnit4Provider.java:214)
	at org.apache.maven.surefire.junit4.JUnit4Provider.invoke(JUnit4Provider.java:155)
	at org.apache.maven.surefire.booter.ForkedBooter.runSuitesInProcess(ForkedBooter.java:385)
	at org.apache.maven.surefire.booter.ForkedBooter.execute(ForkedBooter.java:162)
	at org.apache.maven.surefire.booter.ForkedBooter.run(ForkedBooter.java:507)
	at org.apache.maven.surefire.booter.ForkedBooter.main(ForkedBooter.java:495)
Caused by: java.io.IOException: Error while instrumenting sun/nio/cs/ext/MS950_HKSCS_XP$Encoder.
	at org.jacoco.agent.rt.internal_035b120.core.instr.Instrumenter.instrumentError(Instrumenter.java:158)
	at org.jacoco.agent.rt.internal_035b120.core.instr.Instrumenter.instrument(Instrumenter.java:108)
	at org.jacoco.agent.rt.internal_035b120.CoverageTransformer.transform(CoverageTransformer.java:91)
	... 54 more
Caused by: java.lang.IllegalArgumentException: Unsupported class file major version 61
	at org.jacoco.agent.rt.internal_035b120.asm.ClassReader.<init>(ClassReader.java:195)
	at org.jacoco.agent.rt.internal_035b120.asm.ClassReader.<init>(ClassReader.java:176)
	at org.jacoco.agent.rt.internal_035b120.asm.ClassReader.<init>(ClassReader.java:162)
	at org.jacoco.agent.rt.internal_035b120.core.internal.instr.InstrSupport.classReaderFor(InstrSupport.java:279)
	at org.jacoco.agent.rt.internal_035b120.core.instr.Instrumenter.instrument(Instrumenter.java:74)
	at org.jacoco.agent.rt.internal_035b120.core.instr.Instrumenter.instrument(Instrumenter.java:106)
	... 55 more
java.lang.instrument.IllegalClassFormatException: Error while instrumenting sun/nio/cs/ext/MS936.
	at org.jacoco.agent.rt.internal_035b120.CoverageTransformer.transform(CoverageTransformer.java:93)
	at java.instrument/java.lang.instrument.ClassFileTransformer.transform(ClassFileTransformer.java:244)
	at java.instrument/sun.instrument.TransformerManager.transform(TransformerManager.java:188)
	at java.instrument/sun.instrument.InstrumentationImpl.transform(InstrumentationImpl.java:541)
	at java.base/java.lang.ClassLoader.defineClass2(Native Method)
	at java.base/java.lang.ClassLoader.defineClass(ClassLoader.java:1108)
	at java.base/java.security.SecureClassLoader.defineClass(SecureClassLoader.java:182)
	at java.base/jdk.internal.loader.BuiltinClassLoader.defineClass(BuiltinClassLoader.java:821)
	at java.base/jdk.internal.loader.BuiltinClassLoader.findClassInModuleOrNull(BuiltinClassLoader.java:741)
	at java.base/jdk.internal.loader.BuiltinClassLoader.loadClassOrNull(BuiltinClassLoader.java:665)
	at java.base/jdk.internal.loader.BuiltinClassLoader.loadClass(BuiltinClassLoader.java:639)
	at java.base/java.lang.ClassLoader.loadClass(ClassLoader.java:525)
	at java.base/java.lang.Class.forName0(Native Method)
	at java.base/java.lang.Class.forName(Class.java:467)
	at jdk.charsets/sun.nio.cs.ext.AbstractCharsetProvider.lookup(AbstractCharsetProvider.java:147)
	at jdk.charsets/sun.nio.cs.ext.AbstractCharsetProvider$1.next(AbstractCharsetProvider.java:189)
	at jdk.charsets/sun.nio.cs.ext.AbstractCharsetProvider$1.next(AbstractCharsetProvider.java:179)
	at java.base/java.nio.charset.Charset.put(Charset.java:536)
	at java.base/java.nio.charset.Charset$3.run(Charset.java:579)
	at java.base/java.nio.charset.Charset$3.run(Charset.java:571)
	at java.base/java.security.AccessController.doPrivileged(AccessController.java:318)
	at java.base/java.nio.charset.Charset.availableCharsets(Charset.java:570)
	at org.springframework.http.converter.StringHttpMessageConverter.<init>(StringHttpMessageConverter.java:67)
	at org.springframework.http.converter.StringHttpMessageConverter.<init>(StringHttpMessageConverter.java:57)
	at org.springframework.web.servlet.mvc.method.annotation.RequestMappingHandlerAdapter.<init>(RequestMappingHandlerAdapter.java:180)
	at org.springframework.web.servlet.config.annotation.WebMvcConfigurationSupport.requestMappingHandlerAdapter(WebMvcConfigurationSupport.java:482)
	at org.springframework.test.web.servlet.setup.StandaloneMockMvcBuilder.registerMvcSingletons(StandaloneMockMvcBuilder.java:292)
	at org.springframework.test.web.servlet.setup.StandaloneMockMvcBuilder.initWebAppContext(StandaloneMockMvcBuilder.java:279)
	at org.springframework.test.web.servlet.setup.DefaultMockMvcBuilder.build(DefaultMockMvcBuilder.java:200)
	at com.visualpathit.account.controllerTest.UserControllerTest.setup(UserControllerTest.java:40)
	at java.base/jdk.internal.reflect.NativeMethodAccessorImpl.invoke0(Native Method)
	at java.base/jdk.internal.reflect.NativeMethodAccessorImpl.invoke(NativeMethodAccessorImpl.java:77)
	at java.base/jdk.internal.reflect.DelegatingMethodAccessorImpl.invoke(DelegatingMethodAccessorImpl.java:43)
	at java.base/java.lang.reflect.Method.invoke(Method.java:569)
	at org.junit.runners.model.FrameworkMethod$1.runReflectiveCall(FrameworkMethod.java:45)
	at org.junit.internal.runners.model.ReflectiveCallable.run(ReflectiveCallable.java:15)
	at org.junit.runners.model.FrameworkMethod.invokeExplosively(FrameworkMethod.java:42)
	at org.junit.internal.runners.statements.RunBefores.evaluate(RunBefores.java:27)
	at org.junit.runners.ParentRunner.runLeaf(ParentRunner.java:263)
	at org.junit.runners.BlockJUnit4ClassRunner.runChild(BlockJUnit4ClassRunner.java:68)
	at org.junit.runners.BlockJUnit4ClassRunner.runChild(BlockJUnit4ClassRunner.java:47)
	at org.junit.runners.ParentRunner$3.run(ParentRunner.java:231)
	at org.junit.runners.ParentRunner$1.schedule(ParentRunner.java:60)
	at org.junit.runners.ParentRunner.runChildren(ParentRunner.java:229)
	at org.junit.runners.ParentRunner.access$000(ParentRunner.java:50)
	at org.junit.runners.ParentRunner$2.evaluate(ParentRunner.java:222)
	at org.junit.runners.ParentRunner.run(ParentRunner.java:300)
	at org.apache.maven.surefire.junit4.JUnit4Provider.execute(JUnit4Provider.java:316)
	at org.apache.maven.surefire.junit4.JUnit4Provider.executeWithRerun(JUnit4Provider.java:240)
	at org.apache.maven.surefire.junit4.JUnit4Provider.executeTestSet(JUnit4Provider.java:214)
	at org.apache.maven.surefire.junit4.JUnit4Provider.invoke(JUnit4Provider.java:155)
	at org.apache.maven.surefire.booter.ForkedBooter.runSuitesInProcess(ForkedBooter.java:385)
	at org.apache.maven.surefire.booter.ForkedBooter.execute(ForkedBooter.java:162)
	at org.apache.maven.surefire.booter.ForkedBooter.run(ForkedBooter.java:507)
	at org.apache.maven.surefire.booter.ForkedBooter.main(ForkedBooter.java:495)
Caused by: java.io.IOException: Error while instrumenting sun/nio/cs/ext/MS936.
	at org.jacoco.agent.rt.internal_035b120.core.instr.Instrumenter.instrumentError(Instrumenter.java:158)
	at org.jacoco.agent.rt.internal_035b120.core.instr.Instrumenter.instrument(Instrumenter.java:108)
	at org.jacoco.agent.rt.internal_035b120.CoverageTransformer.transform(CoverageTransformer.java:91)
	... 54 more
Caused by: java.lang.IllegalArgumentException: Unsupported class file major version 61
	at org.jacoco.agent.rt.internal_035b120.asm.ClassReader.<init>(ClassReader.java:195)
	at org.jacoco.agent.rt.internal_035b120.asm.ClassReader.<init>(ClassReader.java:176)
	at org.jacoco.agent.rt.internal_035b120.asm.ClassReader.<init>(ClassReader.java:162)
	at org.jacoco.agent.rt.internal_035b120.core.internal.instr.InstrSupport.classReaderFor(InstrSupport.java:279)
	at org.jacoco.agent.rt.internal_035b120.core.instr.Instrumenter.instrument(Instrumenter.java:74)
	at org.jacoco.agent.rt.internal_035b120.core.instr.Instrumenter.instrument(Instrumenter.java:106)
	... 55 more
java.lang.instrument.IllegalClassFormatException: Error while instrumenting sun/nio/cs/ext/SJIS_0213.
	at org.jacoco.agent.rt.internal_035b120.CoverageTransformer.transform(CoverageTransformer.java:93)
	at java.instrument/java.lang.instrument.ClassFileTransformer.transform(ClassFileTransformer.java:244)
	at java.instrument/sun.instrument.TransformerManager.transform(TransformerManager.java:188)
	at java.instrument/sun.instrument.InstrumentationImpl.transform(InstrumentationImpl.java:541)
	at java.base/java.lang.ClassLoader.defineClass2(Native Method)
	at java.base/java.lang.ClassLoader.defineClass(ClassLoader.java:1108)
	at java.base/java.security.SecureClassLoader.defineClass(SecureClassLoader.java:182)
	at java.base/jdk.internal.loader.BuiltinClassLoader.defineClass(BuiltinClassLoader.java:821)
	at java.base/jdk.internal.loader.BuiltinClassLoader.findClassInModuleOrNull(BuiltinClassLoader.java:741)
	at java.base/jdk.internal.loader.BuiltinClassLoader.loadClassOrNull(BuiltinClassLoader.java:665)
	at java.base/jdk.internal.loader.BuiltinClassLoader.loadClass(BuiltinClassLoader.java:639)
	at java.base/java.lang.ClassLoader.loadClass(ClassLoader.java:525)
	at java.base/java.lang.Class.forName0(Native Method)
	at java.base/java.lang.Class.forName(Class.java:467)
	at jdk.charsets/sun.nio.cs.ext.AbstractCharsetProvider.lookup(AbstractCharsetProvider.java:147)
	at jdk.charsets/sun.nio.cs.ext.AbstractCharsetProvider$1.next(AbstractCharsetProvider.java:189)
	at jdk.charsets/sun.nio.cs.ext.AbstractCharsetProvider$1.next(AbstractCharsetProvider.java:179)
	at java.base/java.nio.charset.Charset.put(Charset.java:536)
	at java.base/java.nio.charset.Charset$3.run(Charset.java:579)
	at java.base/java.nio.charset.Charset$3.run(Charset.java:571)
	at java.base/java.security.AccessController.doPrivileged(AccessController.java:318)
	at java.base/java.nio.charset.Charset.availableCharsets(Charset.java:570)
	at org.springframework.http.converter.StringHttpMessageConverter.<init>(StringHttpMessageConverter.java:67)
	at org.springframework.http.converter.StringHttpMessageConverter.<init>(StringHttpMessageConverter.java:57)
	at org.springframework.web.servlet.mvc.method.annotation.RequestMappingHandlerAdapter.<init>(RequestMappingHandlerAdapter.java:180)
	at org.springframework.web.servlet.config.annotation.WebMvcConfigurationSupport.requestMappingHandlerAdapter(WebMvcConfigurationSupport.java:482)
	at org.springframework.test.web.servlet.setup.StandaloneMockMvcBuilder.registerMvcSingletons(StandaloneMockMvcBuilder.java:292)
	at org.springframework.test.web.servlet.setup.StandaloneMockMvcBuilder.initWebAppContext(StandaloneMockMvcBuilder.java:279)
	at org.springframework.test.web.servlet.setup.DefaultMockMvcBuilder.build(DefaultMockMvcBuilder.java:200)
	at com.visualpathit.account.controllerTest.UserControllerTest.setup(UserControllerTest.java:40)
	at java.base/jdk.internal.reflect.NativeMethodAccessorImpl.invoke0(Native Method)
	at java.base/jdk.internal.reflect.NativeMethodAccessorImpl.invoke(NativeMethodAccessorImpl.java:77)
	at java.base/jdk.internal.reflect.DelegatingMethodAccessorImpl.invoke(DelegatingMethodAccessorImpl.java:43)
	at java.base/java.lang.reflect.Method.invoke(Method.java:569)
	at org.junit.runners.model.FrameworkMethod$1.runReflectiveCall(FrameworkMethod.java:45)
	at org.junit.internal.runners.model.ReflectiveCallable.run(ReflectiveCallable.java:15)
	at org.junit.runners.model.FrameworkMethod.invokeExplosively(FrameworkMethod.java:42)
	at org.junit.internal.runners.statements.RunBefores.evaluate(RunBefores.java:27)
	at org.junit.runners.ParentRunner.runLeaf(ParentRunner.java:263)
	at org.junit.runners.BlockJUnit4ClassRunner.runChild(BlockJUnit4ClassRunner.java:68)
	at org.junit.runners.BlockJUnit4ClassRunner.runChild(BlockJUnit4ClassRunner.java:47)
	at org.junit.runners.ParentRunner$3.run(ParentRunner.java:231)
	at org.junit.runners.ParentRunner$1.schedule(ParentRunner.java:60)
	at org.junit.runners.ParentRunner.runChildren(ParentRunner.java:229)
	at org.junit.runners.ParentRunner.access$000(ParentRunner.java:50)
	at org.junit.runners.ParentRunner$2.evaluate(ParentRunner.java:222)
	at org.junit.runners.ParentRunner.run(ParentRunner.java:300)
	at org.apache.maven.surefire.junit4.JUnit4Provider.execute(JUnit4Provider.java:316)
	at org.apache.maven.surefire.junit4.JUnit4Provider.executeWithRerun(JUnit4Provider.java:240)
	at org.apache.maven.surefire.junit4.JUnit4Provider.executeTestSet(JUnit4Provider.java:214)
	at org.apache.maven.surefire.junit4.JUnit4Provider.invoke(JUnit4Provider.java:155)
	at org.apache.maven.surefire.booter.ForkedBooter.runSuitesInProcess(ForkedBooter.java:385)
	at org.apache.maven.surefire.booter.ForkedBooter.execute(ForkedBooter.java:162)
	at org.apache.maven.surefire.booter.ForkedBooter.run(ForkedBooter.java:507)
	at org.apache.maven.surefire.booter.ForkedBooter.main(ForkedBooter.java:495)
Caused by: java.io.IOException: Error while instrumenting sun/nio/cs/ext/SJIS_0213.
	at org.jacoco.agent.rt.internal_035b120.core.instr.Instrumenter.instrumentError(Instrumenter.java:158)
	at org.jacoco.agent.rt.internal_035b120.core.instr.Instrumenter.instrument(Instrumenter.java:108)
	at org.jacoco.agent.rt.internal_035b120.CoverageTransformer.transform(CoverageTransformer.java:91)
	... 54 more
Caused by: java.lang.IllegalArgumentException: Unsupported class file major version 61
	at org.jacoco.agent.rt.internal_035b120.asm.ClassReader.<init>(ClassReader.java:195)
	at org.jacoco.agent.rt.internal_035b120.asm.ClassReader.<init>(ClassReader.java:176)
	at org.jacoco.agent.rt.internal_035b120.asm.ClassReader.<init>(ClassReader.java:162)
	at org.jacoco.agent.rt.internal_035b120.core.internal.instr.InstrSupport.classReaderFor(InstrSupport.java:279)
	at org.jacoco.agent.rt.internal_035b120.core.instr.Instrumenter.instrument(Instrumenter.java:74)
	at org.jacoco.agent.rt.internal_035b120.core.instr.Instrumenter.instrument(Instrumenter.java:106)
	... 55 more
java.lang.instrument.IllegalClassFormatException: Error while instrumenting sun/nio/cs/ext/MS50220.
	at org.jacoco.agent.rt.internal_035b120.CoverageTransformer.transform(CoverageTransformer.java:93)
	at java.instrument/java.lang.instrument.ClassFileTransformer.transform(ClassFileTransformer.java:244)
	at java.instrument/sun.instrument.TransformerManager.transform(TransformerManager.java:188)
	at java.instrument/sun.instrument.InstrumentationImpl.transform(InstrumentationImpl.java:541)
	at java.base/java.lang.ClassLoader.defineClass2(Native Method)
	at java.base/java.lang.ClassLoader.defineClass(ClassLoader.java:1108)
	at java.base/java.security.SecureClassLoader.defineClass(SecureClassLoader.java:182)
	at java.base/jdk.internal.loader.BuiltinClassLoader.defineClass(BuiltinClassLoader.java:821)
	at java.base/jdk.internal.loader.BuiltinClassLoader.findClassInModuleOrNull(BuiltinClassLoader.java:741)
	at java.base/jdk.internal.loader.BuiltinClassLoader.loadClassOrNull(BuiltinClassLoader.java:665)
	at java.base/jdk.internal.loader.BuiltinClassLoader.loadClass(BuiltinClassLoader.java:639)
	at java.base/java.lang.ClassLoader.loadClass(ClassLoader.java:525)
	at java.base/java.lang.Class.forName0(Native Method)
	at java.base/java.lang.Class.forName(Class.java:467)
	at jdk.charsets/sun.nio.cs.ext.AbstractCharsetProvider.lookup(AbstractCharsetProvider.java:147)
	at jdk.charsets/sun.nio.cs.ext.AbstractCharsetProvider$1.next(AbstractCharsetProvider.java:189)
	at jdk.charsets/sun.nio.cs.ext.AbstractCharsetProvider$1.next(AbstractCharsetProvider.java:179)
	at java.base/java.nio.charset.Charset.put(Charset.java:536)
	at java.base/java.nio.charset.Charset$3.run(Charset.java:579)
	at java.base/java.nio.charset.Charset$3.run(Charset.java:571)
	at java.base/java.security.AccessController.doPrivileged(AccessController.java:318)
	at java.base/java.nio.charset.Charset.availableCharsets(Charset.java:570)
	at org.springframework.http.converter.StringHttpMessageConverter.<init>(StringHttpMessageConverter.java:67)
	at org.springframework.http.converter.StringHttpMessageConverter.<init>(StringHttpMessageConverter.java:57)
	at org.springframework.web.servlet.mvc.method.annotation.RequestMappingHandlerAdapter.<init>(RequestMappingHandlerAdapter.java:180)
	at org.springframework.web.servlet.config.annotation.WebMvcConfigurationSupport.requestMappingHandlerAdapter(WebMvcConfigurationSupport.java:482)
	at org.springframework.test.web.servlet.setup.StandaloneMockMvcBuilder.registerMvcSingletons(StandaloneMockMvcBuilder.java:292)
	at org.springframework.test.web.servlet.setup.StandaloneMockMvcBuilder.initWebAppContext(StandaloneMockMvcBuilder.java:279)
	at org.springframework.test.web.servlet.setup.DefaultMockMvcBuilder.build(DefaultMockMvcBuilder.java:200)
	at com.visualpathit.account.controllerTest.UserControllerTest.setup(UserControllerTest.java:40)
	at java.base/jdk.internal.reflect.NativeMethodAccessorImpl.invoke0(Native Method)
	at java.base/jdk.internal.reflect.NativeMethodAccessorImpl.invoke(NativeMethodAccessorImpl.java:77)
	at java.base/jdk.internal.reflect.DelegatingMethodAccessorImpl.invoke(DelegatingMethodAccessorImpl.java:43)
	at java.base/java.lang.reflect.Method.invoke(Method.java:569)
	at org.junit.runners.model.FrameworkMethod$1.runReflectiveCall(FrameworkMethod.java:45)
	at org.junit.internal.runners.model.ReflectiveCallable.run(ReflectiveCallable.java:15)
	at org.junit.runners.model.FrameworkMethod.invokeExplosively(FrameworkMethod.java:42)
	at org.junit.internal.runners.statements.RunBefores.evaluate(RunBefores.java:27)
	at org.junit.runners.ParentRunner.runLeaf(ParentRunner.java:263)
	at org.junit.runners.BlockJUnit4ClassRunner.runChild(BlockJUnit4ClassRunner.java:68)
	at org.junit.runners.BlockJUnit4ClassRunner.runChild(BlockJUnit4ClassRunner.java:47)
	at org.junit.runners.ParentRunner$3.run(ParentRunner.java:231)
	at org.junit.runners.ParentRunner$1.schedule(ParentRunner.java:60)
	at org.junit.runners.ParentRunner.runChildren(ParentRunner.java:229)
	at org.junit.runners.ParentRunner.access$000(ParentRunner.java:50)
	at org.junit.runners.ParentRunner$2.evaluate(ParentRunner.java:222)
	at org.junit.runners.ParentRunner.run(ParentRunner.java:300)
	at org.apache.maven.surefire.junit4.JUnit4Provider.execute(JUnit4Provider.java:316)
	at org.apache.maven.surefire.junit4.JUnit4Provider.executeWithRerun(JUnit4Provider.java:240)
	at org.apache.maven.surefire.junit4.JUnit4Provider.executeTestSet(JUnit4Provider.java:214)
	at org.apache.maven.surefire.junit4.JUnit4Provider.invoke(JUnit4Provider.java:155)
	at org.apache.maven.surefire.booter.ForkedBooter.runSuitesInProcess(ForkedBooter.java:385)
	at org.apache.maven.surefire.booter.ForkedBooter.execute(ForkedBooter.java:162)
	at org.apache.maven.surefire.booter.ForkedBooter.run(ForkedBooter.java:507)
	at org.apache.maven.surefire.booter.ForkedBooter.main(ForkedBooter.java:495)
Caused by: java.io.IOException: Error while instrumenting sun/nio/cs/ext/MS50220.
	at org.jacoco.agent.rt.internal_035b120.core.instr.Instrumenter.instrumentError(Instrumenter.java:158)
	at org.jacoco.agent.rt.internal_035b120.core.instr.Instrumenter.instrument(Instrumenter.java:108)
	at org.jacoco.agent.rt.internal_035b120.CoverageTransformer.transform(CoverageTransformer.java:91)
	... 54 more
Caused by: java.lang.IllegalArgumentException: Unsupported class file major version 61
	at org.jacoco.agent.rt.internal_035b120.asm.ClassReader.<init>(ClassReader.java:195)
	at org.jacoco.agent.rt.internal_035b120.asm.ClassReader.<init>(ClassReader.java:176)
	at org.jacoco.agent.rt.internal_035b120.asm.ClassReader.<init>(ClassReader.java:162)
	at org.jacoco.agent.rt.internal_035b120.core.internal.instr.InstrSupport.classReaderFor(InstrSupport.java:279)
	at org.jacoco.agent.rt.internal_035b120.core.instr.Instrumenter.instrument(Instrumenter.java:74)
	at org.jacoco.agent.rt.internal_035b120.core.instr.Instrumenter.instrument(Instrumenter.java:106)
	... 55 more
java.lang.instrument.IllegalClassFormatException: Error while instrumenting sun/nio/cs/ext/MS50221.
	at org.jacoco.agent.rt.internal_035b120.CoverageTransformer.transform(CoverageTransformer.java:93)
	at java.instrument/java.lang.instrument.ClassFileTransformer.transform(ClassFileTransformer.java:244)
	at java.instrument/sun.instrument.TransformerManager.transform(TransformerManager.java:188)
	at java.instrument/sun.instrument.InstrumentationImpl.transform(InstrumentationImpl.java:541)
	at java.base/java.lang.ClassLoader.defineClass2(Native Method)
	at java.base/java.lang.ClassLoader.defineClass(ClassLoader.java:1108)
	at java.base/java.security.SecureClassLoader.defineClass(SecureClassLoader.java:182)
	at java.base/jdk.internal.loader.BuiltinClassLoader.defineClass(BuiltinClassLoader.java:821)
	at java.base/jdk.internal.loader.BuiltinClassLoader.findClassInModuleOrNull(BuiltinClassLoader.java:741)
	at java.base/jdk.internal.loader.BuiltinClassLoader.loadClassOrNull(BuiltinClassLoader.java:665)
	at java.base/jdk.internal.loader.BuiltinClassLoader.loadClass(BuiltinClassLoader.java:639)
	at java.base/java.lang.ClassLoader.loadClass(ClassLoader.java:525)
	at java.base/java.lang.Class.forName0(Native Method)
	at java.base/java.lang.Class.forName(Class.java:467)
	at jdk.charsets/sun.nio.cs.ext.AbstractCharsetProvider.lookup(AbstractCharsetProvider.java:147)
	at jdk.charsets/sun.nio.cs.ext.AbstractCharsetProvider$1.next(AbstractCharsetProvider.java:189)
	at jdk.charsets/sun.nio.cs.ext.AbstractCharsetProvider$1.next(AbstractCharsetProvider.java:179)
	at java.base/java.nio.charset.Charset.put(Charset.java:536)
	at java.base/java.nio.charset.Charset$3.run(Charset.java:579)
	at java.base/java.nio.charset.Charset$3.run(Charset.java:571)
	at java.base/java.security.AccessController.doPrivileged(AccessController.java:318)
	at java.base/java.nio.charset.Charset.availableCharsets(Charset.java:570)
	at org.springframework.http.converter.StringHttpMessageConverter.<init>(StringHttpMessageConverter.java:67)
	at org.springframework.http.converter.StringHttpMessageConverter.<init>(StringHttpMessageConverter.java:57)
	at org.springframework.web.servlet.mvc.method.annotation.RequestMappingHandlerAdapter.<init>(RequestMappingHandlerAdapter.java:180)
	at org.springframework.web.servlet.config.annotation.WebMvcConfigurationSupport.requestMappingHandlerAdapter(WebMvcConfigurationSupport.java:482)
	at org.springframework.test.web.servlet.setup.StandaloneMockMvcBuilder.registerMvcSingletons(StandaloneMockMvcBuilder.java:292)
	at org.springframework.test.web.servlet.setup.StandaloneMockMvcBuilder.initWebAppContext(StandaloneMockMvcBuilder.java:279)
	at org.springframework.test.web.servlet.setup.DefaultMockMvcBuilder.build(DefaultMockMvcBuilder.java:200)
	at com.visualpathit.account.controllerTest.UserControllerTest.setup(UserControllerTest.java:40)
	at java.base/jdk.internal.reflect.NativeMethodAccessorImpl.invoke0(Native Method)
	at java.base/jdk.internal.reflect.NativeMethodAccessorImpl.invoke(NativeMethodAccessorImpl.java:77)
	at java.base/jdk.internal.reflect.DelegatingMethodAccessorImpl.invoke(DelegatingMethodAccessorImpl.java:43)
	at java.base/java.lang.reflect.Method.invoke(Method.java:569)
	at org.junit.runners.model.FrameworkMethod$1.runReflectiveCall(FrameworkMethod.java:45)
	at org.junit.internal.runners.model.ReflectiveCallable.run(ReflectiveCallable.java:15)
	at org.junit.runners.model.FrameworkMethod.invokeExplosively(FrameworkMethod.java:42)
	at org.junit.internal.runners.statements.RunBefores.evaluate(RunBefores.java:27)
	at org.junit.runners.ParentRunner.runLeaf(ParentRunner.java:263)
	at org.junit.runners.BlockJUnit4ClassRunner.runChild(BlockJUnit4ClassRunner.java:68)
	at org.junit.runners.BlockJUnit4ClassRunner.runChild(BlockJUnit4ClassRunner.java:47)
	at org.junit.runners.ParentRunner$3.run(ParentRunner.java:231)
	at org.junit.runners.ParentRunner$1.schedule(ParentRunner.java:60)
	at org.junit.runners.ParentRunner.runChildren(ParentRunner.java:229)
	at org.junit.runners.ParentRunner.access$000(ParentRunner.java:50)
	at org.junit.runners.ParentRunner$2.evaluate(ParentRunner.java:222)
	at org.junit.runners.ParentRunner.run(ParentRunner.java:300)
	at org.apache.maven.surefire.junit4.JUnit4Provider.execute(JUnit4Provider.java:316)
	at org.apache.maven.surefire.junit4.JUnit4Provider.executeWithRerun(JUnit4Provider.java:240)
	at org.apache.maven.surefire.junit4.JUnit4Provider.executeTestSet(JUnit4Provider.java:214)
	at org.apache.maven.surefire.junit4.JUnit4Provider.invoke(JUnit4Provider.java:155)
	at org.apache.maven.surefire.booter.ForkedBooter.runSuitesInProcess(ForkedBooter.java:385)
	at org.apache.maven.surefire.booter.ForkedBooter.execute(ForkedBooter.java:162)
	at org.apache.maven.surefire.booter.ForkedBooter.run(ForkedBooter.java:507)
	at org.apache.maven.surefire.booter.ForkedBooter.main(ForkedBooter.java:495)
Caused by: java.io.IOException: Error while instrumenting sun/nio/cs/ext/MS50221.
	at org.jacoco.agent.rt.internal_035b120.core.instr.Instrumenter.instrumentError(Instrumenter.java:158)
	at org.jacoco.agent.rt.internal_035b120.core.instr.Instrumenter.instrument(Instrumenter.java:108)
	at org.jacoco.agent.rt.internal_035b120.CoverageTransformer.transform(CoverageTransformer.java:91)
	... 54 more
Caused by: java.lang.IllegalArgumentException: Unsupported class file major version 61
	at org.jacoco.agent.rt.internal_035b120.asm.ClassReader.<init>(ClassReader.java:195)
	at org.jacoco.agent.rt.internal_035b120.asm.ClassReader.<init>(ClassReader.java:176)
	at org.jacoco.agent.rt.internal_035b120.asm.ClassReader.<init>(ClassReader.java:162)
	at org.jacoco.agent.rt.internal_035b120.core.internal.instr.InstrSupport.classReaderFor(InstrSupport.java:279)
	at org.jacoco.agent.rt.internal_035b120.core.instr.Instrumenter.instrument(Instrumenter.java:74)
	at org.jacoco.agent.rt.internal_035b120.core.instr.Instrumenter.instrument(Instrumenter.java:106)
	... 55 more
java.lang.instrument.IllegalClassFormatException: Error while instrumenting sun/nio/cs/ext/MS874.
	at org.jacoco.agent.rt.internal_035b120.CoverageTransformer.transform(CoverageTransformer.java:93)
	at java.instrument/java.lang.instrument.ClassFileTransformer.transform(ClassFileTransformer.java:244)
	at java.instrument/sun.instrument.TransformerManager.transform(TransformerManager.java:188)
	at java.instrument/sun.instrument.InstrumentationImpl.transform(InstrumentationImpl.java:541)
	at java.base/java.lang.ClassLoader.defineClass2(Native Method)
	at java.base/java.lang.ClassLoader.defineClass(ClassLoader.java:1108)
	at java.base/java.security.SecureClassLoader.defineClass(SecureClassLoader.java:182)
	at java.base/jdk.internal.loader.BuiltinClassLoader.defineClass(BuiltinClassLoader.java:821)
	at java.base/jdk.internal.loader.BuiltinClassLoader.findClassInModuleOrNull(BuiltinClassLoader.java:741)
	at java.base/jdk.internal.loader.BuiltinClassLoader.loadClassOrNull(BuiltinClassLoader.java:665)
	at java.base/jdk.internal.loader.BuiltinClassLoader.loadClass(BuiltinClassLoader.java:639)
	at java.base/java.lang.ClassLoader.loadClass(ClassLoader.java:525)
	at java.base/java.lang.Class.forName0(Native Method)
	at java.base/java.lang.Class.forName(Class.java:467)
	at jdk.charsets/sun.nio.cs.ext.AbstractCharsetProvider.lookup(AbstractCharsetProvider.java:147)
	at jdk.charsets/sun.nio.cs.ext.AbstractCharsetProvider$1.next(AbstractCharsetProvider.java:189)
	at jdk.charsets/sun.nio.cs.ext.AbstractCharsetProvider$1.next(AbstractCharsetProvider.java:179)
	at java.base/java.nio.charset.Charset.put(Charset.java:536)
	at java.base/java.nio.charset.Charset$3.run(Charset.java:579)
	at java.base/java.nio.charset.Charset$3.run(Charset.java:571)
	at java.base/java.security.AccessController.doPrivileged(AccessController.java:318)
	at java.base/java.nio.charset.Charset.availableCharsets(Charset.java:570)
	at org.springframework.http.converter.StringHttpMessageConverter.<init>(StringHttpMessageConverter.java:67)
	at org.springframework.http.converter.StringHttpMessageConverter.<init>(StringHttpMessageConverter.java:57)
	at org.springframework.web.servlet.mvc.method.annotation.RequestMappingHandlerAdapter.<init>(RequestMappingHandlerAdapter.java:180)
	at org.springframework.web.servlet.config.annotation.WebMvcConfigurationSupport.requestMappingHandlerAdapter(WebMvcConfigurationSupport.java:482)
	at org.springframework.test.web.servlet.setup.StandaloneMockMvcBuilder.registerMvcSingletons(StandaloneMockMvcBuilder.java:292)
	at org.springframework.test.web.servlet.setup.StandaloneMockMvcBuilder.initWebAppContext(StandaloneMockMvcBuilder.java:279)
	at org.springframework.test.web.servlet.setup.DefaultMockMvcBuilder.build(DefaultMockMvcBuilder.java:200)
	at com.visualpathit.account.controllerTest.UserControllerTest.setup(UserControllerTest.java:40)
	at java.base/jdk.internal.reflect.NativeMethodAccessorImpl.invoke0(Native Method)
	at java.base/jdk.internal.reflect.NativeMethodAccessorImpl.invoke(NativeMethodAccessorImpl.java:77)
	at java.base/jdk.internal.reflect.DelegatingMethodAccessorImpl.invoke(DelegatingMethodAccessorImpl.java:43)
	at java.base/java.lang.reflect.Method.invoke(Method.java:569)
	at org.junit.runners.model.FrameworkMethod$1.runReflectiveCall(FrameworkMethod.java:45)
	at org.junit.internal.runners.model.ReflectiveCallable.run(ReflectiveCallable.java:15)
	at org.junit.runners.model.FrameworkMethod.invokeExplosively(FrameworkMethod.java:42)
	at org.junit.internal.runners.statements.RunBefores.evaluate(RunBefores.java:27)
	at org.junit.runners.ParentRunner.runLeaf(ParentRunner.java:263)
	at org.junit.runners.BlockJUnit4ClassRunner.runChild(BlockJUnit4ClassRunner.java:68)
	at org.junit.runners.BlockJUnit4ClassRunner.runChild(BlockJUnit4ClassRunner.java:47)
	at org.junit.runners.ParentRunner$3.run(ParentRunner.java:231)
	at org.junit.runners.ParentRunner$1.schedule(ParentRunner.java:60)
	at org.junit.runners.ParentRunner.runChildren(ParentRunner.java:229)
	at org.junit.runners.ParentRunner.access$000(ParentRunner.java:50)
	at org.junit.runners.ParentRunner$2.evaluate(ParentRunner.java:222)
	at org.junit.runners.ParentRunner.run(ParentRunner.java:300)
	at org.apache.maven.surefire.junit4.JUnit4Provider.execute(JUnit4Provider.java:316)
	at org.apache.maven.surefire.junit4.JUnit4Provider.executeWithRerun(JUnit4Provider.java:240)
	at org.apache.maven.surefire.junit4.JUnit4Provider.executeTestSet(JUnit4Provider.java:214)
	at org.apache.maven.surefire.junit4.JUnit4Provider.invoke(JUnit4Provider.java:155)
	at org.apache.maven.surefire.booter.ForkedBooter.runSuitesInProcess(ForkedBooter.java:385)
	at org.apache.maven.surefire.booter.ForkedBooter.execute(ForkedBooter.java:162)
	at org.apache.maven.surefire.booter.ForkedBooter.run(ForkedBooter.java:507)
	at org.apache.maven.surefire.booter.ForkedBooter.main(ForkedBooter.java:495)
Caused by: java.io.IOException: Error while instrumenting sun/nio/cs/ext/MS874.
	at org.jacoco.agent.rt.internal_035b120.core.instr.Instrumenter.instrumentError(Instrumenter.java:158)
	at org.jacoco.agent.rt.internal_035b120.core.instr.Instrumenter.instrument(Instrumenter.java:108)
	at org.jacoco.agent.rt.internal_035b120.CoverageTransformer.transform(CoverageTransformer.java:91)
	... 54 more
Caused by: java.lang.IllegalArgumentException: Unsupported class file major version 61
	at org.jacoco.agent.rt.internal_035b120.asm.ClassReader.<init>(ClassReader.java:195)
	at org.jacoco.agent.rt.internal_035b120.asm.ClassReader.<init>(ClassReader.java:176)
	at org.jacoco.agent.rt.internal_035b120.asm.ClassReader.<init>(ClassReader.java:162)
	at org.jacoco.agent.rt.internal_035b120.core.internal.instr.InstrSupport.classReaderFor(InstrSupport.java:279)
	at org.jacoco.agent.rt.internal_035b120.core.instr.Instrumenter.instrument(Instrumenter.java:74)
	at org.jacoco.agent.rt.internal_035b120.core.instr.Instrumenter.instrument(Instrumenter.java:106)
	... 55 more
java.lang.instrument.IllegalClassFormatException: Error while instrumenting sun/nio/cs/ext/MS949.
	at org.jacoco.agent.rt.internal_035b120.CoverageTransformer.transform(CoverageTransformer.java:93)
	at java.instrument/java.lang.instrument.ClassFileTransformer.transform(ClassFileTransformer.java:244)
	at java.instrument/sun.instrument.TransformerManager.transform(TransformerManager.java:188)
	at java.instrument/sun.instrument.InstrumentationImpl.transform(InstrumentationImpl.java:541)
	at java.base/java.lang.ClassLoader.defineClass2(Native Method)
	at java.base/java.lang.ClassLoader.defineClass(ClassLoader.java:1108)
	at java.base/java.security.SecureClassLoader.defineClass(SecureClassLoader.java:182)
	at java.base/jdk.internal.loader.BuiltinClassLoader.defineClass(BuiltinClassLoader.java:821)
	at java.base/jdk.internal.loader.BuiltinClassLoader.findClassInModuleOrNull(BuiltinClassLoader.java:741)
	at java.base/jdk.internal.loader.BuiltinClassLoader.loadClassOrNull(BuiltinClassLoader.java:665)
	at java.base/jdk.internal.loader.BuiltinClassLoader.loadClass(BuiltinClassLoader.java:639)
	at java.base/java.lang.ClassLoader.loadClass(ClassLoader.java:525)
	at java.base/java.lang.Class.forName0(Native Method)
	at java.base/java.lang.Class.forName(Class.java:467)
	at jdk.charsets/sun.nio.cs.ext.AbstractCharsetProvider.lookup(AbstractCharsetProvider.java:147)
	at jdk.charsets/sun.nio.cs.ext.AbstractCharsetProvider$1.next(AbstractCharsetProvider.java:189)
	at jdk.charsets/sun.nio.cs.ext.AbstractCharsetProvider$1.next(AbstractCharsetProvider.java:179)
	at java.base/java.nio.charset.Charset.put(Charset.java:536)
	at java.base/java.nio.charset.Charset$3.run(Charset.java:579)
	at java.base/java.nio.charset.Charset$3.run(Charset.java:571)
	at java.base/java.security.AccessController.doPrivileged(AccessController.java:318)
	at java.base/java.nio.charset.Charset.availableCharsets(Charset.java:570)
	at org.springframework.http.converter.StringHttpMessageConverter.<init>(StringHttpMessageConverter.java:67)
	at org.springframework.http.converter.StringHttpMessageConverter.<init>(StringHttpMessageConverter.java:57)
	at org.springframework.web.servlet.mvc.method.annotation.RequestMappingHandlerAdapter.<init>(RequestMappingHandlerAdapter.java:180)
	at org.springframework.web.servlet.config.annotation.WebMvcConfigurationSupport.requestMappingHandlerAdapter(WebMvcConfigurationSupport.java:482)
	at org.springframework.test.web.servlet.setup.StandaloneMockMvcBuilder.registerMvcSingletons(StandaloneMockMvcBuilder.java:292)
	at org.springframework.test.web.servlet.setup.StandaloneMockMvcBuilder.initWebAppContext(StandaloneMockMvcBuilder.java:279)
	at org.springframework.test.web.servlet.setup.DefaultMockMvcBuilder.build(DefaultMockMvcBuilder.java:200)
	at com.visualpathit.account.controllerTest.UserControllerTest.setup(UserControllerTest.java:40)
	at java.base/jdk.internal.reflect.NativeMethodAccessorImpl.invoke0(Native Method)
	at java.base/jdk.internal.reflect.NativeMethodAccessorImpl.invoke(NativeMethodAccessorImpl.java:77)
	at java.base/jdk.internal.reflect.DelegatingMethodAccessorImpl.invoke(DelegatingMethodAccessorImpl.java:43)
	at java.base/java.lang.reflect.Method.invoke(Method.java:569)
	at org.junit.runners.model.FrameworkMethod$1.runReflectiveCall(FrameworkMethod.java:45)
	at org.junit.internal.runners.model.ReflectiveCallable.run(ReflectiveCallable.java:15)
	at org.junit.runners.model.FrameworkMethod.invokeExplosively(FrameworkMethod.java:42)
	at org.junit.internal.runners.statements.RunBefores.evaluate(RunBefores.java:27)
	at org.junit.runners.ParentRunner.runLeaf(ParentRunner.java:263)
	at org.junit.runners.BlockJUnit4ClassRunner.runChild(BlockJUnit4ClassRunner.java:68)
	at org.junit.runners.BlockJUnit4ClassRunner.runChild(BlockJUnit4ClassRunner.java:47)
	at org.junit.runners.ParentRunner$3.run(ParentRunner.java:231)
	at org.junit.runners.ParentRunner$1.schedule(ParentRunner.java:60)
	at org.junit.runners.ParentRunner.runChildren(ParentRunner.java:229)
	at org.junit.runners.ParentRunner.access$000(ParentRunner.java:50)
	at org.junit.runners.ParentRunner$2.evaluate(ParentRunner.java:222)
	at org.junit.runners.ParentRunner.run(ParentRunner.java:300)
	at org.apache.maven.surefire.junit4.JUnit4Provider.execute(JUnit4Provider.java:316)
	at org.apache.maven.surefire.junit4.JUnit4Provider.executeWithRerun(JUnit4Provider.java:240)
	at org.apache.maven.surefire.junit4.JUnit4Provider.executeTestSet(JUnit4Provider.java:214)
	at org.apache.maven.surefire.junit4.JUnit4Provider.invoke(JUnit4Provider.java:155)
	at org.apache.maven.surefire.booter.ForkedBooter.runSuitesInProcess(ForkedBooter.java:385)
	at org.apache.maven.surefire.booter.ForkedBooter.execute(ForkedBooter.java:162)
	at org.apache.maven.surefire.booter.ForkedBooter.run(ForkedBooter.java:507)
	at org.apache.maven.surefire.booter.ForkedBooter.main(ForkedBooter.java:495)
Caused by: java.io.IOException: Error while instrumenting sun/nio/cs/ext/MS949.
	at org.jacoco.agent.rt.internal_035b120.core.instr.Instrumenter.instrumentError(Instrumenter.java:158)
	at org.jacoco.agent.rt.internal_035b120.core.instr.Instrumenter.instrument(Instrumenter.java:108)
	at org.jacoco.agent.rt.internal_035b120.CoverageTransformer.transform(CoverageTransformer.java:91)
	... 54 more
Caused by: java.lang.IllegalArgumentException: Unsupported class file major version 61
	at org.jacoco.agent.rt.internal_035b120.asm.ClassReader.<init>(ClassReader.java:195)
	at org.jacoco.agent.rt.internal_035b120.asm.ClassReader.<init>(ClassReader.java:176)
	at org.jacoco.agent.rt.internal_035b120.asm.ClassReader.<init>(ClassReader.java:162)
	at org.jacoco.agent.rt.internal_035b120.core.internal.instr.InstrSupport.classReaderFor(InstrSupport.java:279)
	at org.jacoco.agent.rt.internal_035b120.core.instr.Instrumenter.instrument(Instrumenter.java:74)
	at org.jacoco.agent.rt.internal_035b120.core.instr.Instrumenter.instrument(Instrumenter.java:106)
	... 55 more
java.lang.instrument.IllegalClassFormatException: Error while instrumenting sun/nio/cs/ext/MS950.
	at org.jacoco.agent.rt.internal_035b120.CoverageTransformer.transform(CoverageTransformer.java:93)
	at java.instrument/java.lang.instrument.ClassFileTransformer.transform(ClassFileTransformer.java:244)
	at java.instrument/sun.instrument.TransformerManager.transform(TransformerManager.java:188)
	at java.instrument/sun.instrument.InstrumentationImpl.transform(InstrumentationImpl.java:541)
	at java.base/java.lang.ClassLoader.defineClass2(Native Method)
	at java.base/java.lang.ClassLoader.defineClass(ClassLoader.java:1108)
	at java.base/java.security.SecureClassLoader.defineClass(SecureClassLoader.java:182)
	at java.base/jdk.internal.loader.BuiltinClassLoader.defineClass(BuiltinClassLoader.java:821)
	at java.base/jdk.internal.loader.BuiltinClassLoader.findClassInModuleOrNull(BuiltinClassLoader.java:741)
	at java.base/jdk.internal.loader.BuiltinClassLoader.loadClassOrNull(BuiltinClassLoader.java:665)
	at java.base/jdk.internal.loader.BuiltinClassLoader.loadClass(BuiltinClassLoader.java:639)
	at java.base/java.lang.ClassLoader.loadClass(ClassLoader.java:525)
	at java.base/java.lang.Class.forName0(Native Method)
	at java.base/java.lang.Class.forName(Class.java:467)
	at jdk.charsets/sun.nio.cs.ext.AbstractCharsetProvider.lookup(AbstractCharsetProvider.java:147)
	at jdk.charsets/sun.nio.cs.ext.AbstractCharsetProvider$1.next(AbstractCharsetProvider.java:189)
	at jdk.charsets/sun.nio.cs.ext.AbstractCharsetProvider$1.next(AbstractCharsetProvider.java:179)
	at java.base/java.nio.charset.Charset.put(Charset.java:536)
	at java.base/java.nio.charset.Charset$3.run(Charset.java:579)
	at java.base/java.nio.charset.Charset$3.run(Charset.java:571)
	at java.base/java.security.AccessController.doPrivileged(AccessController.java:318)
	at java.base/java.nio.charset.Charset.availableCharsets(Charset.java:570)
	at org.springframework.http.converter.StringHttpMessageConverter.<init>(StringHttpMessageConverter.java:67)
	at org.springframework.http.converter.StringHttpMessageConverter.<init>(StringHttpMessageConverter.java:57)
	at org.springframework.web.servlet.mvc.method.annotation.RequestMappingHandlerAdapter.<init>(RequestMappingHandlerAdapter.java:180)
	at org.springframework.web.servlet.config.annotation.WebMvcConfigurationSupport.requestMappingHandlerAdapter(WebMvcConfigurationSupport.java:482)
	at org.springframework.test.web.servlet.setup.StandaloneMockMvcBuilder.registerMvcSingletons(StandaloneMockMvcBuilder.java:292)
	at org.springframework.test.web.servlet.setup.StandaloneMockMvcBuilder.initWebAppContext(StandaloneMockMvcBuilder.java:279)
	at org.springframework.test.web.servlet.setup.DefaultMockMvcBuilder.build(DefaultMockMvcBuilder.java:200)
	at com.visualpathit.account.controllerTest.UserControllerTest.setup(UserControllerTest.java:40)
	at java.base/jdk.internal.reflect.NativeMethodAccessorImpl.invoke0(Native Method)
	at java.base/jdk.internal.reflect.NativeMethodAccessorImpl.invoke(NativeMethodAccessorImpl.java:77)
	at java.base/jdk.internal.reflect.DelegatingMethodAccessorImpl.invoke(DelegatingMethodAccessorImpl.java:43)
	at java.base/java.lang.reflect.Method.invoke(Method.java:569)
	at org.junit.runners.model.FrameworkMethod$1.runReflectiveCall(FrameworkMethod.java:45)
	at org.junit.internal.runners.model.ReflectiveCallable.run(ReflectiveCallable.java:15)
	at org.junit.runners.model.FrameworkMethod.invokeExplosively(FrameworkMethod.java:42)
	at org.junit.internal.runners.statements.RunBefores.evaluate(RunBefores.java:27)
	at org.junit.runners.ParentRunner.runLeaf(ParentRunner.java:263)
	at org.junit.runners.BlockJUnit4ClassRunner.runChild(BlockJUnit4ClassRunner.java:68)
	at org.junit.runners.BlockJUnit4ClassRunner.runChild(BlockJUnit4ClassRunner.java:47)
	at org.junit.runners.ParentRunner$3.run(ParentRunner.java:231)
	at org.junit.runners.ParentRunner$1.schedule(ParentRunner.java:60)
	at org.junit.runners.ParentRunner.runChildren(ParentRunner.java:229)
	at org.junit.runners.ParentRunner.access$000(ParentRunner.java:50)
	at org.junit.runners.ParentRunner$2.evaluate(ParentRunner.java:222)
	at org.junit.runners.ParentRunner.run(ParentRunner.java:300)
	at org.apache.maven.surefire.junit4.JUnit4Provider.execute(JUnit4Provider.java:316)
	at org.apache.maven.surefire.junit4.JUnit4Provider.executeWithRerun(JUnit4Provider.java:240)
	at org.apache.maven.surefire.junit4.JUnit4Provider.executeTestSet(JUnit4Provider.java:214)
	at org.apache.maven.surefire.junit4.JUnit4Provider.invoke(JUnit4Provider.java:155)
	at org.apache.maven.surefire.booter.ForkedBooter.runSuitesInProcess(ForkedBooter.java:385)
	at org.apache.maven.surefire.booter.ForkedBooter.execute(ForkedBooter.java:162)
	at org.apache.maven.surefire.booter.ForkedBooter.run(ForkedBooter.java:507)
	at org.apache.maven.surefire.booter.ForkedBooter.main(ForkedBooter.java:495)
Caused by: java.io.IOException: Error while instrumenting sun/nio/cs/ext/MS950.
	at org.jacoco.agent.rt.internal_035b120.core.instr.Instrumenter.instrumentError(Instrumenter.java:158)
	at org.jacoco.agent.rt.internal_035b120.core.instr.Instrumenter.instrument(Instrumenter.java:108)
	at org.jacoco.agent.rt.internal_035b120.CoverageTransformer.transform(CoverageTransformer.java:91)
	... 54 more
Caused by: java.lang.IllegalArgumentException: Unsupported class file major version 61
	at org.jacoco.agent.rt.internal_035b120.asm.ClassReader.<init>(ClassReader.java:195)
	at org.jacoco.agent.rt.internal_035b120.asm.ClassReader.<init>(ClassReader.java:176)
	at org.jacoco.agent.rt.internal_035b120.asm.ClassReader.<init>(ClassReader.java:162)
	at org.jacoco.agent.rt.internal_035b120.core.internal.instr.InstrSupport.classReaderFor(InstrSupport.java:279)
	at org.jacoco.agent.rt.internal_035b120.core.instr.Instrumenter.instrument(Instrumenter.java:74)
	at org.jacoco.agent.rt.internal_035b120.core.instr.Instrumenter.instrument(Instrumenter.java:106)
	... 55 more
java.lang.instrument.IllegalClassFormatException: Error while instrumenting sun/nio/cs/ext/MSISO2022JP.
	at org.jacoco.agent.rt.internal_035b120.CoverageTransformer.transform(CoverageTransformer.java:93)
	at java.instrument/java.lang.instrument.ClassFileTransformer.transform(ClassFileTransformer.java:244)
	at java.instrument/sun.instrument.TransformerManager.transform(TransformerManager.java:188)
	at java.instrument/sun.instrument.InstrumentationImpl.transform(InstrumentationImpl.java:541)
	at java.base/java.lang.ClassLoader.defineClass2(Native Method)
	at java.base/java.lang.ClassLoader.defineClass(ClassLoader.java:1108)
	at java.base/java.security.SecureClassLoader.defineClass(SecureClassLoader.java:182)
	at java.base/jdk.internal.loader.BuiltinClassLoader.defineClass(BuiltinClassLoader.java:821)
	at java.base/jdk.internal.loader.BuiltinClassLoader.findClassInModuleOrNull(BuiltinClassLoader.java:741)
	at java.base/jdk.internal.loader.BuiltinClassLoader.loadClassOrNull(BuiltinClassLoader.java:665)
	at java.base/jdk.internal.loader.BuiltinClassLoader.loadClass(BuiltinClassLoader.java:639)
	at java.base/java.lang.ClassLoader.loadClass(ClassLoader.java:525)
	at java.base/java.lang.Class.forName0(Native Method)
	at java.base/java.lang.Class.forName(Class.java:467)
	at jdk.charsets/sun.nio.cs.ext.AbstractCharsetProvider.lookup(AbstractCharsetProvider.java:147)
	at jdk.charsets/sun.nio.cs.ext.AbstractCharsetProvider$1.next(AbstractCharsetProvider.java:189)
	at jdk.charsets/sun.nio.cs.ext.AbstractCharsetProvider$1.next(AbstractCharsetProvider.java:179)
	at java.base/java.nio.charset.Charset.put(Charset.java:536)
	at java.base/java.nio.charset.Charset$3.run(Charset.java:579)
	at java.base/java.nio.charset.Charset$3.run(Charset.java:571)
	at java.base/java.security.AccessController.doPrivileged(AccessController.java:318)
	at java.base/java.nio.charset.Charset.availableCharsets(Charset.java:570)
	at org.springframework.http.converter.StringHttpMessageConverter.<init>(StringHttpMessageConverter.java:67)
	at org.springframework.http.converter.StringHttpMessageConverter.<init>(StringHttpMessageConverter.java:57)
	at org.springframework.web.servlet.mvc.method.annotation.RequestMappingHandlerAdapter.<init>(RequestMappingHandlerAdapter.java:180)
	at org.springframework.web.servlet.config.annotation.WebMvcConfigurationSupport.requestMappingHandlerAdapter(WebMvcConfigurationSupport.java:482)
	at org.springframework.test.web.servlet.setup.StandaloneMockMvcBuilder.registerMvcSingletons(StandaloneMockMvcBuilder.java:292)
	at org.springframework.test.web.servlet.setup.StandaloneMockMvcBuilder.initWebAppContext(StandaloneMockMvcBuilder.java:279)
	at org.springframework.test.web.servlet.setup.DefaultMockMvcBuilder.build(DefaultMockMvcBuilder.java:200)
	at com.visualpathit.account.controllerTest.UserControllerTest.setup(UserControllerTest.java:40)
	at java.base/jdk.internal.reflect.NativeMethodAccessorImpl.invoke0(Native Method)
	at java.base/jdk.internal.reflect.NativeMethodAccessorImpl.invoke(NativeMethodAccessorImpl.java:77)
	at java.base/jdk.internal.reflect.DelegatingMethodAccessorImpl.invoke(DelegatingMethodAccessorImpl.java:43)
	at java.base/java.lang.reflect.Method.invoke(Method.java:569)
	at org.junit.runners.model.FrameworkMethod$1.runReflectiveCall(FrameworkMethod.java:45)
	at org.junit.internal.runners.model.ReflectiveCallable.run(ReflectiveCallable.java:15)
	at org.junit.runners.model.FrameworkMethod.invokeExplosively(FrameworkMethod.java:42)
	at org.junit.internal.runners.statements.RunBefores.evaluate(RunBefores.java:27)
	at org.junit.runners.ParentRunner.runLeaf(ParentRunner.java:263)
	at org.junit.runners.BlockJUnit4ClassRunner.runChild(BlockJUnit4ClassRunner.java:68)
	at org.junit.runners.BlockJUnit4ClassRunner.runChild(BlockJUnit4ClassRunner.java:47)
	at org.junit.runners.ParentRunner$3.run(ParentRunner.java:231)
	at org.junit.runners.ParentRunner$1.schedule(ParentRunner.java:60)
	at org.junit.runners.ParentRunner.runChildren(ParentRunner.java:229)
	at org.junit.runners.ParentRunner.access$000(ParentRunner.java:50)
	at org.junit.runners.ParentRunner$2.evaluate(ParentRunner.java:222)
	at org.junit.runners.ParentRunner.run(ParentRunner.java:300)
	at org.apache.maven.surefire.junit4.JUnit4Provider.execute(JUnit4Provider.java:316)
	at org.apache.maven.surefire.junit4.JUnit4Provider.executeWithRerun(JUnit4Provider.java:240)
	at org.apache.maven.surefire.junit4.JUnit4Provider.executeTestSet(JUnit4Provider.java:214)
	at org.apache.maven.surefire.junit4.JUnit4Provider.invoke(JUnit4Provider.java:155)
	at org.apache.maven.surefire.booter.ForkedBooter.runSuitesInProcess(ForkedBooter.java:385)
	at org.apache.maven.surefire.booter.ForkedBooter.execute(ForkedBooter.java:162)
	at org.apache.maven.surefire.booter.ForkedBooter.run(ForkedBooter.java:507)
	at org.apache.maven.surefire.booter.ForkedBooter.main(ForkedBooter.java:495)
Caused by: java.io.IOException: Error while instrumenting sun/nio/cs/ext/MSISO2022JP.
	at org.jacoco.agent.rt.internal_035b120.core.instr.Instrumenter.instrumentError(Instrumenter.java:158)
	at org.jacoco.agent.rt.internal_035b120.core.instr.Instrumenter.instrument(Instrumenter.java:108)
	at org.jacoco.agent.rt.internal_035b120.CoverageTransformer.transform(CoverageTransformer.java:91)
	... 54 more
Caused by: java.lang.IllegalArgumentException: Unsupported class file major version 61
	at org.jacoco.agent.rt.internal_035b120.asm.ClassReader.<init>(ClassReader.java:195)
	at org.jacoco.agent.rt.internal_035b120.asm.ClassReader.<init>(ClassReader.java:176)
	at org.jacoco.agent.rt.internal_035b120.asm.ClassReader.<init>(ClassReader.java:162)
	at org.jacoco.agent.rt.internal_035b120.core.internal.instr.InstrSupport.classReaderFor(InstrSupport.java:279)
	at org.jacoco.agent.rt.internal_035b120.core.instr.Instrumenter.instrument(Instrumenter.java:74)
	at org.jacoco.agent.rt.internal_035b120.core.instr.Instrumenter.instrument(Instrumenter.java:106)
	... 55 more
java.lang.instrument.IllegalClassFormatException: Error while instrumenting java/sql/Timestamp.
	at org.jacoco.agent.rt.internal_035b120.CoverageTransformer.transform(CoverageTransformer.java:93)
	at java.instrument/java.lang.instrument.ClassFileTransformer.transform(ClassFileTransformer.java:244)
	at java.instrument/sun.instrument.TransformerManager.transform(TransformerManager.java:188)
	at java.instrument/sun.instrument.InstrumentationImpl.transform(InstrumentationImpl.java:541)
	at java.base/java.lang.ClassLoader.defineClass2(Native Method)
	at java.base/java.lang.ClassLoader.defineClass(ClassLoader.java:1108)
	at java.base/java.security.SecureClassLoader.defineClass(SecureClassLoader.java:182)
	at java.base/jdk.internal.loader.BuiltinClassLoader.defineClass(BuiltinClassLoader.java:821)
	at java.base/jdk.internal.loader.BuiltinClassLoader.findClassInModuleOrNull(BuiltinClassLoader.java:741)
	at java.base/jdk.internal.loader.BuiltinClassLoader.loadClassOrNull(BuiltinClassLoader.java:665)
	at java.base/jdk.internal.loader.BuiltinClassLoader.loadClassOrNull(BuiltinClassLoader.java:700)
	at java.base/jdk.internal.loader.BuiltinClassLoader.loadClassOrNull(BuiltinClassLoader.java:669)
	at java.base/jdk.internal.loader.BuiltinClassLoader.loadClass(BuiltinClassLoader.java:639)
	at java.base/jdk.internal.loader.ClassLoaders$AppClassLoader.loadClass(ClassLoaders.java:188)
	at java.base/java.lang.ClassLoader.loadClass(ClassLoader.java:525)
	at com.fasterxml.jackson.databind.ser.std.StdJdkSerializers.all(StdJdkSerializers.java:57)
	at com.fasterxml.jackson.databind.ser.BasicSerializerFactory.<clinit>(BasicSerializerFactory.java:93)
	at com.fasterxml.jackson.databind.ObjectMapper.<init>(ObjectMapper.java:574)
	at com.fasterxml.jackson.databind.ObjectMapper.<init>(ObjectMapper.java:474)
	at org.springframework.http.converter.json.Jackson2ObjectMapperBuilder.build(Jackson2ObjectMapperBuilder.java:532)
	at org.springframework.http.converter.json.MappingJackson2HttpMessageConverter.<init>(MappingJackson2HttpMessageConverter.java:56)
	at org.springframework.http.converter.support.AllEncompassingFormHttpMessageConverter.<init>(AllEncompassingFormHttpMessageConverter.java:64)
	at org.springframework.web.servlet.mvc.method.annotation.RequestMappingHandlerAdapter.<init>(RequestMappingHandlerAdapter.java:187)
	at org.springframework.web.servlet.config.annotation.WebMvcConfigurationSupport.requestMappingHandlerAdapter(WebMvcConfigurationSupport.java:482)
	at org.springframework.test.web.servlet.setup.StandaloneMockMvcBuilder.registerMvcSingletons(StandaloneMockMvcBuilder.java:292)
	at org.springframework.test.web.servlet.setup.StandaloneMockMvcBuilder.initWebAppContext(StandaloneMockMvcBuilder.java:279)
	at org.springframework.test.web.servlet.setup.DefaultMockMvcBuilder.build(DefaultMockMvcBuilder.java:200)
	at com.visualpathit.account.controllerTest.UserControllerTest.setup(UserControllerTest.java:40)
	at java.base/jdk.internal.reflect.NativeMethodAccessorImpl.invoke0(Native Method)
	at java.base/jdk.internal.reflect.NativeMethodAccessorImpl.invoke(NativeMethodAccessorImpl.java:77)
	at java.base/jdk.internal.reflect.DelegatingMethodAccessorImpl.invoke(DelegatingMethodAccessorImpl.java:43)
	at java.base/java.lang.reflect.Method.invoke(Method.java:569)
	at org.junit.runners.model.FrameworkMethod$1.runReflectiveCall(FrameworkMethod.java:45)
	at org.junit.internal.runners.model.ReflectiveCallable.run(ReflectiveCallable.java:15)
	at org.junit.runners.model.FrameworkMethod.invokeExplosively(FrameworkMethod.java:42)
	at org.junit.internal.runners.statements.RunBefores.evaluate(RunBefores.java:27)
	at org.junit.runners.ParentRunner.runLeaf(ParentRunner.java:263)
	at org.junit.runners.BlockJUnit4ClassRunner.runChild(BlockJUnit4ClassRunner.java:68)
	at org.junit.runners.BlockJUnit4ClassRunner.runChild(BlockJUnit4ClassRunner.java:47)
	at org.junit.runners.ParentRunner$3.run(ParentRunner.java:231)
	at org.junit.runners.ParentRunner$1.schedule(ParentRunner.java:60)
	at org.junit.runners.ParentRunner.runChildren(ParentRunner.java:229)
	at org.junit.runners.ParentRunner.access$000(ParentRunner.java:50)
	at org.junit.runners.ParentRunner$2.evaluate(ParentRunner.java:222)
	at org.junit.runners.ParentRunner.run(ParentRunner.java:300)
	at org.apache.maven.surefire.junit4.JUnit4Provider.execute(JUnit4Provider.java:316)
	at org.apache.maven.surefire.junit4.JUnit4Provider.executeWithRerun(JUnit4Provider.java:240)
	at org.apache.maven.surefire.junit4.JUnit4Provider.executeTestSet(JUnit4Provider.java:214)
	at org.apache.maven.surefire.junit4.JUnit4Provider.invoke(JUnit4Provider.java:155)
	at org.apache.maven.surefire.booter.ForkedBooter.runSuitesInProcess(ForkedBooter.java:385)
	at org.apache.maven.surefire.booter.ForkedBooter.execute(ForkedBooter.java:162)
	at org.apache.maven.surefire.booter.ForkedBooter.run(ForkedBooter.java:507)
	at org.apache.maven.surefire.booter.ForkedBooter.main(ForkedBooter.java:495)
Caused by: java.io.IOException: Error while instrumenting java/sql/Timestamp.
	at org.jacoco.agent.rt.internal_035b120.core.instr.Instrumenter.instrumentError(Instrumenter.java:158)
	at org.jacoco.agent.rt.internal_035b120.core.instr.Instrumenter.instrument(Instrumenter.java:108)
	at org.jacoco.agent.rt.internal_035b120.CoverageTransformer.transform(CoverageTransformer.java:91)
	... 52 more
Caused by: java.lang.IllegalArgumentException: Unsupported class file major version 61
	at org.jacoco.agent.rt.internal_035b120.asm.ClassReader.<init>(ClassReader.java:195)
	at org.jacoco.agent.rt.internal_035b120.asm.ClassReader.<init>(ClassReader.java:176)
	at org.jacoco.agent.rt.internal_035b120.asm.ClassReader.<init>(ClassReader.java:162)
	at org.jacoco.agent.rt.internal_035b120.core.internal.instr.InstrSupport.classReaderFor(InstrSupport.java:279)
	at org.jacoco.agent.rt.internal_035b120.core.instr.Instrumenter.instrument(Instrumenter.java:74)
	at org.jacoco.agent.rt.internal_035b120.core.instr.Instrumenter.instrument(Instrumenter.java:106)
	... 53 more
java.lang.instrument.IllegalClassFormatException: Error while instrumenting java/sql/Date.
	at org.jacoco.agent.rt.internal_035b120.CoverageTransformer.transform(CoverageTransformer.java:93)
	at java.instrument/java.lang.instrument.ClassFileTransformer.transform(ClassFileTransformer.java:244)
	at java.instrument/sun.instrument.TransformerManager.transform(TransformerManager.java:188)
	at java.instrument/sun.instrument.InstrumentationImpl.transform(InstrumentationImpl.java:541)
	at java.base/java.lang.ClassLoader.defineClass2(Native Method)
	at java.base/java.lang.ClassLoader.defineClass(ClassLoader.java:1108)
	at java.base/java.security.SecureClassLoader.defineClass(SecureClassLoader.java:182)
	at java.base/jdk.internal.loader.BuiltinClassLoader.defineClass(BuiltinClassLoader.java:821)
	at java.base/jdk.internal.loader.BuiltinClassLoader.findClassInModuleOrNull(BuiltinClassLoader.java:741)
	at java.base/jdk.internal.loader.BuiltinClassLoader.loadClassOrNull(BuiltinClassLoader.java:665)
	at java.base/jdk.internal.loader.BuiltinClassLoader.loadClassOrNull(BuiltinClassLoader.java:700)
	at java.base/jdk.internal.loader.BuiltinClassLoader.loadClassOrNull(BuiltinClassLoader.java:669)
	at java.base/jdk.internal.loader.BuiltinClassLoader.loadClass(BuiltinClassLoader.java:639)
	at java.base/jdk.internal.loader.ClassLoaders$AppClassLoader.loadClass(ClassLoaders.java:188)
	at java.base/java.lang.ClassLoader.loadClass(ClassLoader.java:525)
	at com.fasterxml.jackson.databind.ser.std.StdJdkSerializers.all(StdJdkSerializers.java:60)
	at com.fasterxml.jackson.databind.ser.BasicSerializerFactory.<clinit>(BasicSerializerFactory.java:93)
	at com.fasterxml.jackson.databind.ObjectMapper.<init>(ObjectMapper.java:574)
	at com.fasterxml.jackson.databind.ObjectMapper.<init>(ObjectMapper.java:474)
	at org.springframework.http.converter.json.Jackson2ObjectMapperBuilder.build(Jackson2ObjectMapperBuilder.java:532)
	at org.springframework.http.converter.json.MappingJackson2HttpMessageConverter.<init>(MappingJackson2HttpMessageConverter.java:56)
	at org.springframework.http.converter.support.AllEncompassingFormHttpMessageConverter.<init>(AllEncompassingFormHttpMessageConverter.java:64)
	at org.springframework.web.servlet.mvc.method.annotation.RequestMappingHandlerAdapter.<init>(RequestMappingHandlerAdapter.java:187)
	at org.springframework.web.servlet.config.annotation.WebMvcConfigurationSupport.requestMappingHandlerAdapter(WebMvcConfigurationSupport.java:482)
	at org.springframework.test.web.servlet.setup.StandaloneMockMvcBuilder.registerMvcSingletons(StandaloneMockMvcBuilder.java:292)
	at org.springframework.test.web.servlet.setup.StandaloneMockMvcBuilder.initWebAppContext(StandaloneMockMvcBuilder.java:279)
	at org.springframework.test.web.servlet.setup.DefaultMockMvcBuilder.build(DefaultMockMvcBuilder.java:200)
	at com.visualpathit.account.controllerTest.UserControllerTest.setup(UserControllerTest.java:40)
	at java.base/jdk.internal.reflect.NativeMethodAccessorImpl.invoke0(Native Method)
	at java.base/jdk.internal.reflect.NativeMethodAccessorImpl.invoke(NativeMethodAccessorImpl.java:77)
	at java.base/jdk.internal.reflect.DelegatingMethodAccessorImpl.invoke(DelegatingMethodAccessorImpl.java:43)
	at java.base/java.lang.reflect.Method.invoke(Method.java:569)
	at org.junit.runners.model.FrameworkMethod$1.runReflectiveCall(FrameworkMethod.java:45)
	at org.junit.internal.runners.model.ReflectiveCallable.run(ReflectiveCallable.java:15)
	at org.junit.runners.model.FrameworkMethod.invokeExplosively(FrameworkMethod.java:42)
	at org.junit.internal.runners.statements.RunBefores.evaluate(RunBefores.java:27)
	at org.junit.runners.ParentRunner.runLeaf(ParentRunner.java:263)
	at org.junit.runners.BlockJUnit4ClassRunner.runChild(BlockJUnit4ClassRunner.java:68)
	at org.junit.runners.BlockJUnit4ClassRunner.runChild(BlockJUnit4ClassRunner.java:47)
	at org.junit.runners.ParentRunner$3.run(ParentRunner.java:231)
	at org.junit.runners.ParentRunner$1.schedule(ParentRunner.java:60)
	at org.junit.runners.ParentRunner.runChildren(ParentRunner.java:229)
	at org.junit.runners.ParentRunner.access$000(ParentRunner.java:50)
	at org.junit.runners.ParentRunner$2.evaluate(ParentRunner.java:222)
	at org.junit.runners.ParentRunner.run(ParentRunner.java:300)
	at org.apache.maven.surefire.junit4.JUnit4Provider.execute(JUnit4Provider.java:316)
	at org.apache.maven.surefire.junit4.JUnit4Provider.executeWithRerun(JUnit4Provider.java:240)
	at org.apache.maven.surefire.junit4.JUnit4Provider.executeTestSet(JUnit4Provider.java:214)
	at org.apache.maven.surefire.junit4.JUnit4Provider.invoke(JUnit4Provider.java:155)
	at org.apache.maven.surefire.booter.ForkedBooter.runSuitesInProcess(ForkedBooter.java:385)
	at org.apache.maven.surefire.booter.ForkedBooter.execute(ForkedBooter.java:162)
	at org.apache.maven.surefire.booter.ForkedBooter.run(ForkedBooter.java:507)
	at org.apache.maven.surefire.booter.ForkedBooter.main(ForkedBooter.java:495)
Caused by: java.io.IOException: Error while instrumenting java/sql/Date.
	at org.jacoco.agent.rt.internal_035b120.core.instr.Instrumenter.instrumentError(Instrumenter.java:158)
	at org.jacoco.agent.rt.internal_035b120.core.instr.Instrumenter.instrument(Instrumenter.java:108)
	at org.jacoco.agent.rt.internal_035b120.CoverageTransformer.transform(CoverageTransformer.java:91)
	... 52 more
Caused by: java.lang.IllegalArgumentException: Unsupported class file major version 61
	at org.jacoco.agent.rt.internal_035b120.asm.ClassReader.<init>(ClassReader.java:195)
	at org.jacoco.agent.rt.internal_035b120.asm.ClassReader.<init>(ClassReader.java:176)
	at org.jacoco.agent.rt.internal_035b120.asm.ClassReader.<init>(ClassReader.java:162)
	at org.jacoco.agent.rt.internal_035b120.core.internal.instr.InstrSupport.classReaderFor(InstrSupport.java:279)
	at org.jacoco.agent.rt.internal_035b120.core.instr.Instrumenter.instrument(Instrumenter.java:74)
	at org.jacoco.agent.rt.internal_035b120.core.instr.Instrumenter.instrument(Instrumenter.java:106)
	... 53 more
java.lang.instrument.IllegalClassFormatException: Error while instrumenting java/sql/Time.
	at org.jacoco.agent.rt.internal_035b120.CoverageTransformer.transform(CoverageTransformer.java:93)
	at java.instrument/java.lang.instrument.ClassFileTransformer.transform(ClassFileTransformer.java:244)
	at java.instrument/sun.instrument.TransformerManager.transform(TransformerManager.java:188)
	at java.instrument/sun.instrument.InstrumentationImpl.transform(InstrumentationImpl.java:541)
	at java.base/java.lang.ClassLoader.defineClass2(Native Method)
	at java.base/java.lang.ClassLoader.defineClass(ClassLoader.java:1108)
	at java.base/java.security.SecureClassLoader.defineClass(SecureClassLoader.java:182)
	at java.base/jdk.internal.loader.BuiltinClassLoader.defineClass(BuiltinClassLoader.java:821)
	at java.base/jdk.internal.loader.BuiltinClassLoader.findClassInModuleOrNull(BuiltinClassLoader.java:741)
	at java.base/jdk.internal.loader.BuiltinClassLoader.loadClassOrNull(BuiltinClassLoader.java:665)
	at java.base/jdk.internal.loader.BuiltinClassLoader.loadClassOrNull(BuiltinClassLoader.java:700)
	at java.base/jdk.internal.loader.BuiltinClassLoader.loadClassOrNull(BuiltinClassLoader.java:669)
	at java.base/jdk.internal.loader.BuiltinClassLoader.loadClass(BuiltinClassLoader.java:639)
	at java.base/jdk.internal.loader.ClassLoaders$AppClassLoader.loadClass(ClassLoaders.java:188)
	at java.base/java.lang.ClassLoader.loadClass(ClassLoader.java:525)
	at com.fasterxml.jackson.databind.ser.std.StdJdkSerializers.all(StdJdkSerializers.java:61)
	at com.fasterxml.jackson.databind.ser.BasicSerializerFactory.<clinit>(BasicSerializerFactory.java:93)
	at com.fasterxml.jackson.databind.ObjectMapper.<init>(ObjectMapper.java:574)
	at com.fasterxml.jackson.databind.ObjectMapper.<init>(ObjectMapper.java:474)
	at org.springframework.http.converter.json.Jackson2ObjectMapperBuilder.build(Jackson2ObjectMapperBuilder.java:532)
	at org.springframework.http.converter.json.MappingJackson2HttpMessageConverter.<init>(MappingJackson2HttpMessageConverter.java:56)
	at org.springframework.http.converter.support.AllEncompassingFormHttpMessageConverter.<init>(AllEncompassingFormHttpMessageConverter.java:64)
	at org.springframework.web.servlet.mvc.method.annotation.RequestMappingHandlerAdapter.<init>(RequestMappingHandlerAdapter.java:187)
	at org.springframework.web.servlet.config.annotation.WebMvcConfigurationSupport.requestMappingHandlerAdapter(WebMvcConfigurationSupport.java:482)
	at org.springframework.test.web.servlet.setup.StandaloneMockMvcBuilder.registerMvcSingletons(StandaloneMockMvcBuilder.java:292)
	at org.springframework.test.web.servlet.setup.StandaloneMockMvcBuilder.initWebAppContext(StandaloneMockMvcBuilder.java:279)
	at org.springframework.test.web.servlet.setup.DefaultMockMvcBuilder.build(DefaultMockMvcBuilder.java:200)
	at com.visualpathit.account.controllerTest.UserControllerTest.setup(UserControllerTest.java:40)
	at java.base/jdk.internal.reflect.NativeMethodAccessorImpl.invoke0(Native Method)
	at java.base/jdk.internal.reflect.NativeMethodAccessorImpl.invoke(NativeMethodAccessorImpl.java:77)
	at java.base/jdk.internal.reflect.DelegatingMethodAccessorImpl.invoke(DelegatingMethodAccessorImpl.java:43)
	at java.base/java.lang.reflect.Method.invoke(Method.java:569)
	at org.junit.runners.model.FrameworkMethod$1.runReflectiveCall(FrameworkMethod.java:45)
	at org.junit.internal.runners.model.ReflectiveCallable.run(ReflectiveCallable.java:15)
	at org.junit.runners.model.FrameworkMethod.invokeExplosively(FrameworkMethod.java:42)
	at org.junit.internal.runners.statements.RunBefores.evaluate(RunBefores.java:27)
	at org.junit.runners.ParentRunner.runLeaf(ParentRunner.java:263)
	at org.junit.runners.BlockJUnit4ClassRunner.runChild(BlockJUnit4ClassRunner.java:68)
	at org.junit.runners.BlockJUnit4ClassRunner.runChild(BlockJUnit4ClassRunner.java:47)
	at org.junit.runners.ParentRunner$3.run(ParentRunner.java:231)
	at org.junit.runners.ParentRunner$1.schedule(ParentRunner.java:60)
	at org.junit.runners.ParentRunner.runChildren(ParentRunner.java:229)
	at org.junit.runners.ParentRunner.access$000(ParentRunner.java:50)
	at org.junit.runners.ParentRunner$2.evaluate(ParentRunner.java:222)
	at org.junit.runners.ParentRunner.run(ParentRunner.java:300)
	at org.apache.maven.surefire.junit4.JUnit4Provider.execute(JUnit4Provider.java:316)
	at org.apache.maven.surefire.junit4.JUnit4Provider.executeWithRerun(JUnit4Provider.java:240)
	at org.apache.maven.surefire.junit4.JUnit4Provider.executeTestSet(JUnit4Provider.java:214)
	at org.apache.maven.surefire.junit4.JUnit4Provider.invoke(JUnit4Provider.java:155)
	at org.apache.maven.surefire.booter.ForkedBooter.runSuitesInProcess(ForkedBooter.java:385)
	at org.apache.maven.surefire.booter.ForkedBooter.execute(ForkedBooter.java:162)
	at org.apache.maven.surefire.booter.ForkedBooter.run(ForkedBooter.java:507)
	at org.apache.maven.surefire.booter.ForkedBooter.main(ForkedBooter.java:495)
Caused by: java.io.IOException: Error while instrumenting java/sql/Time.
	at org.jacoco.agent.rt.internal_035b120.core.instr.Instrumenter.instrumentError(Instrumenter.java:158)
	at org.jacoco.agent.rt.internal_035b120.core.instr.Instrumenter.instrument(Instrumenter.java:108)
	at org.jacoco.agent.rt.internal_035b120.CoverageTransformer.transform(CoverageTransformer.java:91)
	... 52 more
Caused by: java.lang.IllegalArgumentException: Unsupported class file major version 61
	at org.jacoco.agent.rt.internal_035b120.asm.ClassReader.<init>(ClassReader.java:195)
	at org.jacoco.agent.rt.internal_035b120.asm.ClassReader.<init>(ClassReader.java:176)
	at org.jacoco.agent.rt.internal_035b120.asm.ClassReader.<init>(ClassReader.java:162)
	at org.jacoco.agent.rt.internal_035b120.core.internal.instr.InstrSupport.classReaderFor(InstrSupport.java:279)
	at org.jacoco.agent.rt.internal_035b120.core.instr.Instrumenter.instrument(Instrumenter.java:74)
	at org.jacoco.agent.rt.internal_035b120.core.instr.Instrumenter.instrument(Instrumenter.java:106)
	... 53 more
ERROR StatusLogger Log4j2 could not find a logging implementation. Please add log4j-core to the classpath. Using SimpleLogger to log to the console...
15:10:02.266 [main] INFO  o.s.w.s.m.m.a.RequestMappingHandlerAdapter#532 Looking for @ControllerAdvice: org.springframework.test.web.servlet.setup.StubWebApplicationContext@1e53135d
15:10:02.390 [main] INFO  o.s.m.w.MockServletContext#390 Initializing Spring FrameworkServlet ''
15:10:02.390 [main] INFO  o.s.t.w.s.TestDispatcherServlet#488 FrameworkServlet '': initialization started
15:10:02.394 [main] INFO  o.s.t.w.s.TestDispatcherServlet#507 FrameworkServlet '': initialization completed in 3 ms
15:10:02.525 [main] INFO  o.s.t.w.s.s.StandaloneMockMvcBuilder$StaticRequestMappingHandlerMapping#532 Mapped "{[/registration],methods=[GET]}" onto public final java.lang.String com.visualpathit.account.controller.UserController.registration(org.springframework.ui.Model)
15:10:02.526 [main] INFO  o.s.t.w.s.s.StandaloneMockMvcBuilder$StaticRequestMappingHandlerMapping#532 Mapped "{[/registration],methods=[POST]}" onto public final java.lang.String com.visualpathit.account.controller.UserController.registration(com.visualpathit.account.model.User,org.springframework.validation.BindingResult,org.springframework.ui.Model)
15:10:02.527 [main] INFO  o.s.t.w.s.s.StandaloneMockMvcBuilder$StaticRequestMappingHandlerMapping#532 Mapped "{[/login],methods=[GET]}" onto public final java.lang.String com.visualpathit.account.controller.UserController.login(org.springframework.ui.Model,java.lang.String,java.lang.String)
15:10:02.527 [main] INFO  o.s.t.w.s.s.StandaloneMockMvcBuilder$StaticRequestMappingHandlerMapping#532 Mapped "{[/ || /welcome],methods=[GET]}" onto public final java.lang.String com.visualpathit.account.controller.UserController.welcome(org.springframework.ui.Model)
15:10:02.527 [main] INFO  o.s.t.w.s.s.StandaloneMockMvcBuilder$StaticRequestMappingHandlerMapping#532 Mapped "{[/index],methods=[GET]}" onto public final java.lang.String com.visualpathit.account.controller.UserController.indexHome(org.springframework.ui.Model)
15:10:02.527 [main] INFO  o.s.t.w.s.s.StandaloneMockMvcBuilder$StaticRequestMappingHandlerMapping#532 Mapped "{[/users],methods=[GET]}" onto public java.lang.String com.visualpathit.account.controller.UserController.getAllUsers(org.springframework.ui.Model)
15:10:02.528 [main] INFO  o.s.t.w.s.s.StandaloneMockMvcBuilder$StaticRequestMappingHandlerMapping#532 Mapped "{[/users/{id}],methods=[GET]}" onto public java.lang.String com.visualpathit.account.controller.UserController.getOneUser(java.lang.String,org.springframework.ui.Model)
15:10:02.528 [main] INFO  o.s.t.w.s.s.StandaloneMockMvcBuilder$StaticRequestMappingHandlerMapping#532 Mapped "{[/user/{username}],methods=[GET]}" onto public final java.lang.String com.visualpathit.account.controller.UserController.userUpdate(java.lang.String,org.springframework.ui.Model)
15:10:02.530 [main] INFO  o.s.t.w.s.s.StandaloneMockMvcBuilder$StaticRequestMappingHandlerMapping#532 Mapped "{[/user/{username}],methods=[POST]}" onto public final java.lang.String com.visualpathit.account.controller.UserController.userUpdateProfile(java.lang.String,com.visualpathit.account.model.User,org.springframework.ui.Model)
15:10:02.531 [main] INFO  o.s.t.w.s.s.StandaloneMockMvcBuilder$StaticRequestMappingHandlerMapping#532 Mapped "{[/user/rabbit],methods=[GET]}" onto public java.lang.String com.visualpathit.account.controller.UserController.rabbitmqSetUp()
15:10:02.557 [main] INFO  o.s.w.s.m.m.a.RequestMappingHandlerAdapter#532 Looking for @ControllerAdvice: org.springframework.test.web.servlet.setup.StubWebApplicationContext@3316527e
15:10:02.570 [main] INFO  o.s.m.w.MockServletContext#390 Initializing Spring FrameworkServlet ''
15:10:02.570 [main] INFO  o.s.t.w.s.TestDispatcherServlet#488 FrameworkServlet '': initialization started
15:10:02.571 [main] INFO  o.s.t.w.s.TestDispatcherServlet#507 FrameworkServlet '': initialization completed in 1 ms
15:10:02.582 [main] INFO  o.s.t.w.s.s.StandaloneMockMvcBuilder$StaticRequestMappingHandlerMapping#532 Mapped "{[/registration],methods=[GET]}" onto public final java.lang.String com.visualpathit.account.controller.UserController.registration(org.springframework.ui.Model)
15:10:02.584 [main] INFO  o.s.t.w.s.s.StandaloneMockMvcBuilder$StaticRequestMappingHandlerMapping#532 Mapped "{[/registration],methods=[POST]}" onto public final java.lang.String com.visualpathit.account.controller.UserController.registration(com.visualpathit.account.model.User,org.springframework.validation.BindingResult,org.springframework.ui.Model)
15:10:02.585 [main] INFO  o.s.t.w.s.s.StandaloneMockMvcBuilder$StaticRequestMappingHandlerMapping#532 Mapped "{[/login],methods=[GET]}" onto public final java.lang.String com.visualpathit.account.controller.UserController.login(org.springframework.ui.Model,java.lang.String,java.lang.String)
15:10:02.588 [main] INFO  o.s.t.w.s.s.StandaloneMockMvcBuilder$StaticRequestMappingHandlerMapping#532 Mapped "{[/ || /welcome],methods=[GET]}" onto public final java.lang.String com.visualpathit.account.controller.UserController.welcome(org.springframework.ui.Model)
15:10:02.588 [main] INFO  o.s.t.w.s.s.StandaloneMockMvcBuilder$StaticRequestMappingHandlerMapping#532 Mapped "{[/index],methods=[GET]}" onto public final java.lang.String com.visualpathit.account.controller.UserController.indexHome(org.springframework.ui.Model)
15:10:02.588 [main] INFO  o.s.t.w.s.s.StandaloneMockMvcBuilder$StaticRequestMappingHandlerMapping#532 Mapped "{[/users],methods=[GET]}" onto public java.lang.String com.visualpathit.account.controller.UserController.getAllUsers(org.springframework.ui.Model)
15:10:02.588 [main] INFO  o.s.t.w.s.s.StandaloneMockMvcBuilder$StaticRequestMappingHandlerMapping#532 Mapped "{[/users/{id}],methods=[GET]}" onto public java.lang.String com.visualpathit.account.controller.UserController.getOneUser(java.lang.String,org.springframework.ui.Model)
15:10:02.588 [main] INFO  o.s.t.w.s.s.StandaloneMockMvcBuilder$StaticRequestMappingHandlerMapping#532 Mapped "{[/user/{username}],methods=[GET]}" onto public final java.lang.String com.visualpathit.account.controller.UserController.userUpdate(java.lang.String,org.springframework.ui.Model)
15:10:02.589 [main] INFO  o.s.t.w.s.s.StandaloneMockMvcBuilder$StaticRequestMappingHandlerMapping#532 Mapped "{[/user/{username}],methods=[POST]}" onto public final java.lang.String com.visualpathit.account.controller.UserController.userUpdateProfile(java.lang.String,com.visualpathit.account.model.User,org.springframework.ui.Model)
15:10:02.589 [main] INFO  o.s.t.w.s.s.StandaloneMockMvcBuilder$StaticRequestMappingHandlerMapping#532 Mapped "{[/user/rabbit],methods=[GET]}" onto public java.lang.String com.visualpathit.account.controller.UserController.rabbitmqSetUp()
15:10:02.641 [main] INFO  o.s.w.s.m.m.a.RequestMappingHandlerAdapter#532 Looking for @ControllerAdvice: org.springframework.test.web.servlet.setup.StubWebApplicationContext@46c662f2
15:10:02.652 [main] INFO  o.s.m.w.MockServletContext#390 Initializing Spring FrameworkServlet ''
15:10:02.652 [main] INFO  o.s.t.w.s.TestDispatcherServlet#488 FrameworkServlet '': initialization started
15:10:02.652 [main] INFO  o.s.t.w.s.TestDispatcherServlet#507 FrameworkServlet '': initialization completed in 0 ms
Model data{}
15:10:02.713 [main] INFO  o.s.t.w.s.s.StandaloneMockMvcBuilder$StaticRequestMappingHandlerMapping#532 Mapped "{[/registration],methods=[GET]}" onto public final java.lang.String com.visualpathit.account.controller.UserController.registration(org.springframework.ui.Model)
15:10:02.715 [main] INFO  o.s.t.w.s.s.StandaloneMockMvcBuilder$StaticRequestMappingHandlerMapping#532 Mapped "{[/registration],methods=[POST]}" onto public final java.lang.String com.visualpathit.account.controller.UserController.registration(com.visualpathit.account.model.User,org.springframework.validation.BindingResult,org.springframework.ui.Model)
15:10:02.715 [main] INFO  o.s.t.w.s.s.StandaloneMockMvcBuilder$StaticRequestMappingHandlerMapping#532 Mapped "{[/login],methods=[GET]}" onto public final java.lang.String com.visualpathit.account.controller.UserController.login(org.springframework.ui.Model,java.lang.String,java.lang.String)
15:10:02.715 [main] INFO  o.s.t.w.s.s.StandaloneMockMvcBuilder$StaticRequestMappingHandlerMapping#532 Mapped "{[/ || /welcome],methods=[GET]}" onto public final java.lang.String com.visualpathit.account.controller.UserController.welcome(org.springframework.ui.Model)
15:10:02.715 [main] INFO  o.s.t.w.s.s.StandaloneMockMvcBuilder$StaticRequestMappingHandlerMapping#532 Mapped "{[/index],methods=[GET]}" onto public final java.lang.String com.visualpathit.account.controller.UserController.indexHome(org.springframework.ui.Model)
15:10:02.716 [main] INFO  o.s.t.w.s.s.StandaloneMockMvcBuilder$StaticRequestMappingHandlerMapping#532 Mapped "{[/users],methods=[GET]}" onto public java.lang.String com.visualpathit.account.controller.UserController.getAllUsers(org.springframework.ui.Model)
15:10:02.716 [main] INFO  o.s.t.w.s.s.StandaloneMockMvcBuilder$StaticRequestMappingHandlerMapping#532 Mapped "{[/users/{id}],methods=[GET]}" onto public java.lang.String com.visualpathit.account.controller.UserController.getOneUser(java.lang.String,org.springframework.ui.Model)
15:10:02.716 [main] INFO  o.s.t.w.s.s.StandaloneMockMvcBuilder$StaticRequestMappingHandlerMapping#532 Mapped "{[/user/{username}],methods=[GET]}" onto public final java.lang.String com.visualpathit.account.controller.UserController.userUpdate(java.lang.String,org.springframework.ui.Model)
15:10:02.716 [main] INFO  o.s.t.w.s.s.StandaloneMockMvcBuilder$StaticRequestMappingHandlerMapping#532 Mapped "{[/user/{username}],methods=[POST]}" onto public final java.lang.String com.visualpathit.account.controller.UserController.userUpdateProfile(java.lang.String,com.visualpathit.account.model.User,org.springframework.ui.Model)
15:10:02.717 [main] INFO  o.s.t.w.s.s.StandaloneMockMvcBuilder$StaticRequestMappingHandlerMapping#532 Mapped "{[/user/rabbit],methods=[GET]}" onto public java.lang.String com.visualpathit.account.controller.UserController.rabbitmqSetUp()
15:10:02.736 [main] INFO  o.s.w.s.m.m.a.RequestMappingHandlerAdapter#532 Looking for @ControllerAdvice: org.springframework.test.web.servlet.setup.StubWebApplicationContext@72715e61
15:10:02.744 [main] INFO  o.s.m.w.MockServletContext#390 Initializing Spring FrameworkServlet ''
15:10:02.744 [main] INFO  o.s.t.w.s.TestDispatcherServlet#488 FrameworkServlet '': initialization started
15:10:02.745 [main] INFO  o.s.t.w.s.TestDispatcherServlet#507 FrameworkServlet '': initialization completed in 0 ms
15:10:02.757 [main] INFO  o.s.t.w.s.s.StandaloneMockMvcBuilder$StaticRequestMappingHandlerMapping#532 Mapped "{[/registration],methods=[GET]}" onto public final java.lang.String com.visualpathit.account.controller.UserController.registration(org.springframework.ui.Model)
15:10:02.759 [main] INFO  o.s.t.w.s.s.StandaloneMockMvcBuilder$StaticRequestMappingHandlerMapping#532 Mapped "{[/registration],methods=[POST]}" onto public final java.lang.String com.visualpathit.account.controller.UserController.registration(com.visualpathit.account.model.User,org.springframework.validation.BindingResult,org.springframework.ui.Model)
15:10:02.760 [main] INFO  o.s.t.w.s.s.StandaloneMockMvcBuilder$StaticRequestMappingHandlerMapping#532 Mapped "{[/login],methods=[GET]}" onto public final java.lang.String com.visualpathit.account.controller.UserController.login(org.springframework.ui.Model,java.lang.String,java.lang.String)
15:10:02.760 [main] INFO  o.s.t.w.s.s.StandaloneMockMvcBuilder$StaticRequestMappingHandlerMapping#532 Mapped "{[/ || /welcome],methods=[GET]}" onto public final java.lang.String com.visualpathit.account.controller.UserController.welcome(org.springframework.ui.Model)
15:10:02.760 [main] INFO  o.s.t.w.s.s.StandaloneMockMvcBuilder$StaticRequestMappingHandlerMapping#532 Mapped "{[/index],methods=[GET]}" onto public final java.lang.String com.visualpathit.account.controller.UserController.indexHome(org.springframework.ui.Model)
15:10:02.760 [main] INFO  o.s.t.w.s.s.StandaloneMockMvcBuilder$StaticRequestMappingHandlerMapping#532 Mapped "{[/users],methods=[GET]}" onto public java.lang.String com.visualpathit.account.controller.UserController.getAllUsers(org.springframework.ui.Model)
15:10:02.760 [main] INFO  o.s.t.w.s.s.StandaloneMockMvcBuilder$StaticRequestMappingHandlerMapping#532 Mapped "{[/users/{id}],methods=[GET]}" onto public java.lang.String com.visualpathit.account.controller.UserController.getOneUser(java.lang.String,org.springframework.ui.Model)
15:10:02.760 [main] INFO  o.s.t.w.s.s.StandaloneMockMvcBuilder$StaticRequestMappingHandlerMapping#532 Mapped "{[/user/{username}],methods=[GET]}" onto public final java.lang.String com.visualpathit.account.controller.UserController.userUpdate(java.lang.String,org.springframework.ui.Model)
15:10:02.761 [main] INFO  o.s.t.w.s.s.StandaloneMockMvcBuilder$StaticRequestMappingHandlerMapping#532 Mapped "{[/user/{username}],methods=[POST]}" onto public final java.lang.String com.visualpathit.account.controller.UserController.userUpdateProfile(java.lang.String,com.visualpathit.account.model.User,org.springframework.ui.Model)
15:10:02.761 [main] INFO  o.s.t.w.s.s.StandaloneMockMvcBuilder$StaticRequestMappingHandlerMapping#532 Mapped "{[/user/rabbit],methods=[GET]}" onto public java.lang.String com.visualpathit.account.controller.UserController.rabbitmqSetUp()
15:10:02.777 [main] INFO  o.s.w.s.m.m.a.RequestMappingHandlerAdapter#532 Looking for @ControllerAdvice: org.springframework.test.web.servlet.setup.StubWebApplicationContext@70d5d96b
15:10:02.792 [main] INFO  o.s.m.w.MockServletContext#390 Initializing Spring FrameworkServlet ''
15:10:02.793 [main] INFO  o.s.t.w.s.TestDispatcherServlet#488 FrameworkServlet '': initialization started
15:10:02.793 [main] INFO  o.s.t.w.s.TestDispatcherServlet#507 FrameworkServlet '': initialization completed in 0 ms
15:10:02.806 [main] INFO  o.s.t.w.s.s.StandaloneMockMvcBuilder$StaticRequestMappingHandlerMapping#532 Mapped "{[/registration],methods=[GET]}" onto public final java.lang.String com.visualpathit.account.controller.UserController.registration(org.springframework.ui.Model)
15:10:02.806 [main] INFO  o.s.t.w.s.s.StandaloneMockMvcBuilder$StaticRequestMappingHandlerMapping#532 Mapped "{[/registration],methods=[POST]}" onto public final java.lang.String com.visualpathit.account.controller.UserController.registration(com.visualpathit.account.model.User,org.springframework.validation.BindingResult,org.springframework.ui.Model)
15:10:02.806 [main] INFO  o.s.t.w.s.s.StandaloneMockMvcBuilder$StaticRequestMappingHandlerMapping#532 Mapped "{[/login],methods=[GET]}" onto public final java.lang.String com.visualpathit.account.controller.UserController.login(org.springframework.ui.Model,java.lang.String,java.lang.String)
15:10:02.806 [main] INFO  o.s.t.w.s.s.StandaloneMockMvcBuilder$StaticRequestMappingHandlerMapping#532 Mapped "{[/ || /welcome],methods=[GET]}" onto public final java.lang.String com.visualpathit.account.controller.UserController.welcome(org.springframework.ui.Model)
15:10:02.806 [main] INFO  o.s.t.w.s.s.StandaloneMockMvcBuilder$StaticRequestMappingHandlerMapping#532 Mapped "{[/index],methods=[GET]}" onto public final java.lang.String com.visualpathit.account.controller.UserController.indexHome(org.springframework.ui.Model)
15:10:02.806 [main] INFO  o.s.t.w.s.s.StandaloneMockMvcBuilder$StaticRequestMappingHandlerMapping#532 Mapped "{[/users],methods=[GET]}" onto public java.lang.String com.visualpathit.account.controller.UserController.getAllUsers(org.springframework.ui.Model)
15:10:02.807 [main] INFO  o.s.t.w.s.s.StandaloneMockMvcBuilder$StaticRequestMappingHandlerMapping#532 Mapped "{[/users/{id}],methods=[GET]}" onto public java.lang.String com.visualpathit.account.controller.UserController.getOneUser(java.lang.String,org.springframework.ui.Model)
15:10:02.809 [main] INFO  o.s.t.w.s.s.StandaloneMockMvcBuilder$StaticRequestMappingHandlerMapping#532 Mapped "{[/user/{username}],methods=[GET]}" onto public final java.lang.String com.visualpathit.account.controller.UserController.userUpdate(java.lang.String,org.springframework.ui.Model)
15:10:02.809 [main] INFO  o.s.t.w.s.s.StandaloneMockMvcBuilder$StaticRequestMappingHandlerMapping#532 Mapped "{[/user/{username}],methods=[POST]}" onto public final java.lang.String com.visualpathit.account.controller.UserController.userUpdateProfile(java.lang.String,com.visualpathit.account.model.User,org.springframework.ui.Model)
15:10:02.809 [main] INFO  o.s.t.w.s.s.StandaloneMockMvcBuilder$StaticRequestMappingHandlerMapping#532 Mapped "{[/user/rabbit],methods=[GET]}" onto public java.lang.String com.visualpathit.account.controller.UserController.rabbitmqSetUp()
15:10:02.827 [main] INFO  o.s.w.s.m.m.a.RequestMappingHandlerAdapter#532 Looking for @ControllerAdvice: org.springframework.test.web.servlet.setup.StubWebApplicationContext@5ba184fc
15:10:02.831 [main] INFO  o.s.m.w.MockServletContext#390 Initializing Spring FrameworkServlet ''
15:10:02.832 [main] INFO  o.s.t.w.s.TestDispatcherServlet#488 FrameworkServlet '': initialization started
15:10:02.832 [main] INFO  o.s.t.w.s.TestDispatcherServlet#507 FrameworkServlet '': initialization completed in 0 ms
[INFO] Tests run: 6, Failures: 0, Errors: 0, Skipped: 0, Time elapsed: 2.581 s -- in com.visualpathit.account.controllerTest.UserControllerTest
[INFO] 
[INFO] Results:
[INFO] 
[INFO] Tests run: 9, Failures: 0, Errors: 0, Skipped: 0
[INFO] 
[INFO] ------------------------------------------------------------------------
[INFO] BUILD SUCCESS
[INFO] ------------------------------------------------------------------------
[INFO] Total time:  5.836 s
[INFO] Finished at: 2025-01-24T15:10:02Z
[INFO] ------------------------------------------------------------------------
[Pipeline] }
[Pipeline] // withEnv
[Pipeline] }
[Pipeline] // stage
[Pipeline] stage
[Pipeline] { (Checkstyle Analysis)
[Pipeline] tool
[Pipeline] envVarsForTool
[Pipeline] tool
[Pipeline] envVarsForTool
[Pipeline] withEnv
[Pipeline] {
[Pipeline] sh
+ mvn -s settings.xml checkstyle:checkstyle
[INFO] Scanning for projects...
[INFO] 
[INFO] ---------------------< com.visualpathit:vprofile >----------------------
[INFO] Building Visualpathit VProfile Webapp v2
[INFO]   from pom.xml
[INFO] --------------------------------[ war ]---------------------------------
[WARNING] 1 problem was encountered while building the effective model for org.javassist:javassist:jar:3.18.1-GA during dependency collection step for project (use -X to see details)
[INFO] 
[INFO] --- checkstyle:3.6.0:checkstyle (default-cli) @ vprofile ---
[INFO] Rendering content with org.apache.maven.skins:maven-fluido-skin:jar:2.0.0-M9 skin
[INFO] There are 706 errors reported by Checkstyle 9.3 with sun_checks.xml ruleset.
[WARNING] Unable to locate Source XRef to link to -- DISABLED
[WARNING] Unable to locate Test Source XRef to link to -- DISABLED
[INFO] ------------------------------------------------------------------------
[INFO] BUILD SUCCESS
[INFO] ------------------------------------------------------------------------
[INFO] Total time:  4.087 s
[INFO] Finished at: 2025-01-24T15:10:09Z
[INFO] ------------------------------------------------------------------------
[Pipeline] }
[Pipeline] // withEnv
[Pipeline] }
[Pipeline] // stage
[Pipeline] stage
[Pipeline] { (Sonar Analysis)
[Pipeline] tool
Unpacking https://repo1.maven.org/maven2/org/sonarsource/scanner/cli/sonar-scanner-cli/6.2.1.4610/sonar-scanner-cli-6.2.1.4610.zip to /var/lib/jenkins/.jenkins/tools/hudson.plugins.sonar.SonarRunnerInstallation/sonarscanner on Jenkins
[Pipeline] withEnv
[Pipeline] {
[Pipeline] tool
[Pipeline] envVarsForTool
[Pipeline] tool
[Pipeline] envVarsForTool
[Pipeline] withEnv
[Pipeline] {
[Pipeline] withSonarQubeEnv
Injecting SonarQube environment variables using the configuration: sonarserver
[Pipeline] {
[Pipeline] sh
+ /var/lib/jenkins/.jenkins/tools/hudson.plugins.sonar.SonarRunnerInstallation/sonarscanner/bin/sonar-scanner -Dsonar.projectKey=vprofile -Dsonar.projectName=vprofile -Dsonar.projectVersion=1.0 -Dsonar.sources=src/ -Dsonar.java.binaries=target/test-classes/com/visualpathit/account/controllerTest/ -Dsonar.junit.reportsPath=target/surefire-reports/ -Dsonar.jacoco.reportsPath=target/jacoco.exec -Dsonar.java.checkstyle.reportPaths=target/checkstyle-result.xml
15:10:10.505 INFO  Scanner configuration file: /var/lib/jenkins/.jenkins/tools/hudson.plugins.sonar.SonarRunnerInstallation/sonarscanner/conf/sonar-scanner.properties
15:10:10.509 INFO  Project root configuration file: NONE
15:10:10.525 INFO  SonarScanner CLI 6.2.1.4610
15:10:10.530 INFO  Java 17.0.13 Ubuntu (64-bit)
15:10:10.531 INFO  Linux 6.8.0-1021-aws amd64
15:10:10.562 INFO  User cache: /var/lib/jenkins/.sonar/cache
15:10:11.228 INFO  Communicating with SonarQube Server 8.3.0.34182
15:10:11.448 INFO  Load global settings
15:10:11.516 INFO  Load global settings (done) | time=68ms
15:10:11.519 INFO  Server id: 86E1FA4D-AZSS0uYP-BqkvsHb3LfH
15:10:11.523 INFO  User cache: /var/lib/jenkins/.sonar/cache
15:10:11.525 INFO  Load/download plugins
15:10:11.525 INFO  Load plugins index
15:10:11.557 INFO  Load plugins index (done) | time=32ms
15:10:11.599 INFO  Load/download plugins (done) | time=74ms
15:10:12.085 INFO  Process project properties
15:10:12.093 INFO  Process project properties (done) | time=8ms
15:10:12.094 INFO  Execute project builders
15:10:12.096 INFO  Execute project builders (done) | time=2ms
15:10:12.099 INFO  Project key: vprofile
15:10:12.099 INFO  Base dir: /var/lib/jenkins/.jenkins/workspace/vprofile-ci-pipeline
15:10:12.099 INFO  Working dir: /var/lib/jenkins/.jenkins/workspace/vprofile-ci-pipeline/.scannerwork
15:10:12.147 INFO  Load project settings for component key: 'vprofile'
15:10:12.222 INFO  Load quality profiles
15:10:12.268 INFO  Load quality profiles (done) | time=46ms
15:10:12.277 INFO  Auto-configuring with CI 'Jenkins'
15:10:12.281 INFO  Load active rules
15:10:13.099 INFO  Load active rules (done) | time=818ms
15:10:13.159 INFO  Indexing files...
15:10:13.160 INFO  Project configuration:
15:10:13.454 INFO  Load project repositories
15:10:13.462 INFO  Load project repositories (done) | time=8ms
15:10:13.542 INFO  71 files indexed
15:10:13.542 INFO  0 files ignored because of scm ignore settings
15:10:13.543 INFO  Quality profile for css: Sonar way
15:10:13.544 INFO  Quality profile for java: Sonar way
15:10:13.544 INFO  Quality profile for jsp: Sonar way
15:10:13.544 INFO  Quality profile for xml: Sonar way
15:10:13.544 INFO  ------------- Run sensors on module vprofile
15:10:13.637 INFO  Load metrics repository
15:10:13.684 INFO  Load metrics repository (done) | time=47ms
15:10:14.155 INFO  EXECUTION FAILURE
15:10:14.156 INFO  Total time: 3.686s
15:10:14.156 ERROR Error during SonarScanner CLI execution
java.lang.IllegalStateException: Unable to load component class org.sonar.plugins.javascript.JavaScriptSensor
	at org.sonar.core.platform.ComponentContainer$ExtendedDefaultPicoContainer.getComponent(ComponentContainer.java:66)
	at org.picocontainer.DefaultPicoContainer.getComponent(DefaultPicoContainer.java:632)
	at org.picocontainer.parameters.BasicComponentParameter$1.resolveInstance(BasicComponentParameter.java:118)
	at org.picocontainer.parameters.ComponentParameter$1.resolveInstance(ComponentParameter.java:136)
	at org.picocontainer.injectors.SingleMemberInjector.getParameter(SingleMemberInjector.java:78)
	at org.picocontainer.injectors.ConstructorInjector$CtorAndAdapters.getParameterArguments(ConstructorInjector.java:309)
	at org.picocontainer.injectors.ConstructorInjector$1.run(ConstructorInjector.java:335)
	at org.picocontainer.injectors.AbstractInjector$ThreadLocalCyclicDependencyGuard.observe(AbstractInjector.java:270)
	at org.picocontainer.injectors.ConstructorInjector.getComponentInstance(ConstructorInjector.java:364)
	at org.picocontainer.injectors.AbstractInjectionFactory$LifecycleAdapter.getComponentInstance(AbstractInjectionFactory.java:56)
	at org.picocontainer.behaviors.AbstractBehavior.getComponentInstance(AbstractBehavior.java:64)
	at org.picocontainer.behaviors.Stored.getComponentInstance(Stored.java:91)
	at org.picocontainer.DefaultPicoContainer.getLocalInstance(DefaultPicoContainer.java:606)
	at org.picocontainer.DefaultPicoContainer.getComponents(DefaultPicoContainer.java:587)
	at org.sonar.core.platform.ComponentContainer.getComponentsByType(ComponentContainer.java:291)
	at org.sonar.scanner.bootstrap.AbstractExtensionDictionnary.completeScannerExtensions(AbstractExtensionDictionnary.java:82)
	at org.sonar.scanner.bootstrap.AbstractExtensionDictionnary.getExtensions(AbstractExtensionDictionnary.java:77)
	at org.sonar.scanner.bootstrap.AbstractExtensionDictionnary.getFilteredExtensions(AbstractExtensionDictionnary.java:67)
	at org.sonar.scanner.sensor.ModuleSensorExtensionDictionnary.selectSensors(ModuleSensorExtensionDictionnary.java:40)
	at org.sonar.scanner.sensor.ModuleSensorsExecutor.lambda$execute$0(ModuleSensorsExecutor.java:52)
	at org.sonar.scanner.sensor.ModuleSensorsExecutor.withModuleStrategy(ModuleSensorsExecutor.java:77)
	at org.sonar.scanner.sensor.ModuleSensorsExecutor.execute(ModuleSensorsExecutor.java:52)
	at org.sonar.scanner.scan.ModuleScanContainer.doAfterStart(ModuleScanContainer.java:82)
	at org.sonar.core.platform.ComponentContainer.startComponents(ComponentContainer.java:137)
	at org.sonar.core.platform.ComponentContainer.execute(ComponentContainer.java:123)
	at org.sonar.scanner.scan.ProjectScanContainer.scan(ProjectScanContainer.java:386)
	at org.sonar.scanner.scan.ProjectScanContainer.scanRecursively(ProjectScanContainer.java:382)
	at org.sonar.scanner.scan.ProjectScanContainer.doAfterStart(ProjectScanContainer.java:351)
	at org.sonar.core.platform.ComponentContainer.startComponents(ComponentContainer.java:137)
	at org.sonar.core.platform.ComponentContainer.execute(ComponentContainer.java:123)
	at org.sonar.scanner.bootstrap.GlobalContainer.doAfterStart(GlobalContainer.java:141)
	at org.sonar.core.platform.ComponentContainer.startComponents(ComponentContainer.java:137)
	at org.sonar.core.platform.ComponentContainer.execute(ComponentContainer.java:123)
	at org.sonar.batch.bootstrapper.Batch.doExecute(Batch.java:72)
	at org.sonar.batch.bootstrapper.Batch.execute(Batch.java:66)
	at org.sonarsource.scanner.lib.internal.batch.BatchIsolatedLauncher.execute(BatchIsolatedLauncher.java:41)
	at java.base/jdk.internal.reflect.NativeMethodAccessorImpl.invoke0(Native Method)
	at java.base/jdk.internal.reflect.NativeMethodAccessorImpl.invoke(NativeMethodAccessorImpl.java:77)
	at java.base/jdk.internal.reflect.DelegatingMethodAccessorImpl.invoke(DelegatingMethodAccessorImpl.java:43)
	at java.base/java.lang.reflect.Method.invoke(Method.java:569)
	at org.sonarsource.scanner.lib.internal.IsolatedLauncherProxy.invoke(IsolatedLauncherProxy.java:62)
	at jdk.proxy3/jdk.proxy3.$Proxy2.execute(Unknown Source)
	at org.sonarsource.scanner.lib.InProcessScannerEngineFacade.doAnalyze(InProcessScannerEngineFacade.java:39)
	at org.sonarsource.scanner.lib.ScannerEngineFacade.analyze(ScannerEngineFacade.java:61)
	at org.sonarsource.scanner.cli.Main.analyze(Main.java:77)
	at org.sonarsource.scanner.cli.Main.main(Main.java:63)
Caused by: java.lang.ExceptionInInitializerError: null
	at com.sonar.sslr.api.typed.ActionParser.<init>(ActionParser.java:59)
	at org.sonar.javascript.parser.JavaScriptParser.<init>(JavaScriptParser.java:33)
	at org.sonar.javascript.parser.JavaScriptParserBuilder.createParser(JavaScriptParserBuilder.java:31)
	at org.sonar.plugins.javascript.JavaScriptSensor.<init>(JavaScriptSensor.java:115)
	at org.sonar.plugins.javascript.JavaScriptSensor.<init>(JavaScriptSensor.java:85)
	at java.base/jdk.internal.reflect.NativeConstructorAccessorImpl.newInstance0(Native Method)
	at java.base/jdk.internal.reflect.NativeConstructorAccessorImpl.newInstance(NativeConstructorAccessorImpl.java:77)
	at java.base/jdk.internal.reflect.DelegatingConstructorAccessorImpl.newInstance(DelegatingConstructorAccessorImpl.java:45)
	at java.base/java.lang.reflect.Constructor.newInstanceWithCaller(Constructor.java:500)
	at java.base/java.lang.reflect.Constructor.newInstance(Constructor.java:481)
	at org.picocontainer.injectors.AbstractInjector.newInstance(AbstractInjector.java:145)
	at org.picocontainer.injectors.ConstructorInjector$1.run(ConstructorInjector.java:342)
	at org.picocontainer.injectors.AbstractInjector$ThreadLocalCyclicDependencyGuard.observe(AbstractInjector.java:270)
	at org.picocontainer.injectors.ConstructorInjector.getComponentInstance(ConstructorInjector.java:364)
	at org.picocontainer.injectors.AbstractInjectionFactory$LifecycleAdapter.getComponentInstance(AbstractInjectionFactory.java:56)
	at org.picocontainer.behaviors.AbstractBehavior.getComponentInstance(AbstractBehavior.java:64)
	at org.picocontainer.behaviors.Stored.getComponentInstance(Stored.java:91)
	at org.picocontainer.DefaultPicoContainer.getInstance(DefaultPicoContainer.java:699)
	at org.picocontainer.DefaultPicoContainer.getComponent(DefaultPicoContainer.java:647)
	at org.sonar.core.platform.ComponentContainer$ExtendedDefaultPicoContainer.getComponent(ComponentContainer.java:64)
	... 45 common frames omitted
Caused by: net.sf.cglib.core.CodeGenerationException: java.lang.reflect.InaccessibleObjectException-->Unable to make protected final java.lang.Class java.lang.ClassLoader.defineClass(java.lang.String,byte[],int,int,java.security.ProtectionDomain) throws java.lang.ClassFormatError accessible: module java.base does not "opens java.lang" to unnamed module @3902bd2c
	at net.sf.cglib.core.ReflectUtils.defineClass(ReflectUtils.java:464)
	at net.sf.cglib.core.AbstractClassGenerator.generate(AbstractClassGenerator.java:336)
	at net.sf.cglib.core.AbstractClassGenerator$ClassLoaderData$3.apply(AbstractClassGenerator.java:93)
	at net.sf.cglib.core.AbstractClassGenerator$ClassLoaderData$3.apply(AbstractClassGenerator.java:91)
	at net.sf.cglib.core.internal.LoadingCache$2.call(LoadingCache.java:54)
	at java.base/java.util.concurrent.FutureTask.run(FutureTask.java:264)
	at net.sf.cglib.core.internal.LoadingCache.createEntry(LoadingCache.java:61)
	at net.sf.cglib.core.internal.LoadingCache.get(LoadingCache.java:34)
	at net.sf.cglib.core.AbstractClassGenerator$ClassLoaderData.get(AbstractClassGenerator.java:116)
	at net.sf.cglib.core.AbstractClassGenerator.create(AbstractClassGenerator.java:291)
	at net.sf.cglib.core.KeyFactory$Generator.create(KeyFactory.java:221)
	at net.sf.cglib.core.KeyFactory.create(KeyFactory.java:174)
	at net.sf.cglib.core.KeyFactory.create(KeyFactory.java:153)
	at net.sf.cglib.proxy.Enhancer.<clinit>(Enhancer.java:73)
	... 65 common frames omitted
Caused by: java.lang.reflect.InaccessibleObjectException: Unable to make protected final java.lang.Class java.lang.ClassLoader.defineClass(java.lang.String,byte[],int,int,java.security.ProtectionDomain) throws java.lang.ClassFormatError accessible: module java.base does not "opens java.lang" to unnamed module @3902bd2c
	at java.base/java.lang.reflect.AccessibleObject.checkCanSetAccessible(AccessibleObject.java:354)
	at java.base/java.lang.reflect.AccessibleObject.checkCanSetAccessible(AccessibleObject.java:297)
	at java.base/java.lang.reflect.Method.checkCanSetAccessible(Method.java:200)
	at java.base/java.lang.reflect.Method.setAccessible(Method.java:194)
	at net.sf.cglib.core.ReflectUtils$1.run(ReflectUtils.java:61)
	at java.base/java.security.AccessController.doPrivileged(AccessController.java:569)
	at net.sf.cglib.core.ReflectUtils.<clinit>(ReflectUtils.java:52)
	at net.sf.cglib.core.KeyFactory$Generator.generateClass(KeyFactory.java:243)
	at net.sf.cglib.core.DefaultGeneratorStrategy.generate(DefaultGeneratorStrategy.java:25)
	at net.sf.cglib.core.AbstractClassGenerator.generate(AbstractClassGenerator.java:329)
	... 77 common frames omitted
15:10:14.158 ERROR 
15:10:14.158 ERROR Re-run SonarScanner CLI using the -X switch to enable full debug logging.
[Pipeline] }
WARN: Unable to locate 'report-task.txt' in the workspace. Did the SonarScanner succeed?
[Pipeline] // withSonarQubeEnv
[Pipeline] }
[Pipeline] // withEnv
[Pipeline] }
[Pipeline] // withEnv
[Pipeline] }
[Pipeline] // stage
[Pipeline] }
[Pipeline] // withEnv
[Pipeline] }
[Pipeline] // withEnv
[Pipeline] }
[Pipeline] // withEnv
[Pipeline] }
[Pipeline] // node
[Pipeline] End of Pipeline
ERROR: script returned exit code 1
Finished: FAILURE